2020-07-30 00:23:13,108 ERROR com.vyntra.vyntrau.controller.CustomErrorController [http-nio-8080-exec-4] Page Not Found 404
2020-07-30 09:23:41,645 ERROR com.vyntra.vyntrau.controller.CustomErrorController [http-nio-8080-exec-3] Page Not Found 404
2020-07-30 09:55:02,196 ERROR com.vyntra.vyntrau.controller.CustomErrorController [http-nio-8080-exec-2] Page Not Found 404
2020-07-30 09:55:16,710 ERROR com.vyntra.vyntrau.controller.CustomErrorController [http-nio-8080-exec-9] Page Not Found 404
2020-07-30 09:58:19,670 ERROR com.vyntra.vyntrau.controller.CustomErrorController [http-nio-8080-exec-5] Page Not Found 404
2020-07-30 09:58:45,298 ERROR com.vyntra.vyntrau.controller.CustomErrorController [http-nio-8080-exec-1] Page Not Found 404
2020-07-30 09:59:13,210 ERROR com.vyntra.vyntrau.controller.CustomErrorController [http-nio-8080-exec-9] Page Not Found 404
2020-07-30 09:59:49,527 ERROR com.vyntra.vyntrau.controller.CustomErrorController [http-nio-8080-exec-5] Page Not Found 404
2020-07-30 10:00:32,455 ERROR com.vyntra.vyntrau.controller.CustomErrorController [http-nio-8080-exec-4] Page Not Found 404
2020-07-30 10:00:37,833 ERROR com.vyntra.vyntrau.controller.CustomErrorController [http-nio-8080-exec-10] Page Not Found 404
2020-07-30 10:00:42,505 ERROR com.vyntra.vyntrau.controller.CustomErrorController [http-nio-8080-exec-10] Page Not Found 404
2020-07-30 10:01:04,088 ERROR com.vyntra.vyntrau.controller.CustomErrorController [http-nio-8080-exec-9] Page Not Found 404
2020-07-30 10:02:34,980 ERROR com.vyntra.vyntrau.controller.CustomErrorController [http-nio-8080-exec-3] Page Not Found 404
2020-07-30 10:03:54,553 ERROR com.vyntra.vyntrau.controller.CustomErrorController [http-nio-8080-exec-4] Page Not Found 404
2020-07-30 10:04:50,601 ERROR com.vyntra.vyntrau.controller.CustomErrorController [http-nio-8080-exec-6] Page Not Found 404
2020-07-30 10:05:06,724 ERROR com.vyntra.vyntrau.controller.CustomErrorController [http-nio-8080-exec-3] Page Not Found 404
2020-07-30 10:07:35,818 ERROR com.vyntra.vyntrau.controller.CustomErrorController [http-nio-8080-exec-5] Page Not Found 404
2020-07-30 10:08:07,468 ERROR com.vyntra.vyntrau.controller.CustomErrorController [http-nio-8080-exec-7] Page Not Found 404
2020-07-30 10:08:28,832 ERROR com.vyntra.vyntrau.controller.CustomErrorController [http-nio-8080-exec-9] Page Not Found 404
2020-07-30 10:08:58,881 ERROR com.vyntra.vyntrau.controller.CustomErrorController [http-nio-8080-exec-4] Page Not Found 404
2020-07-30 10:11:11,934 ERROR com.vyntra.vyntrau.controller.CustomErrorController [http-nio-8080-exec-10] Page Not Found 404
2020-07-30 10:11:37,199 ERROR com.vyntra.vyntrau.controller.CustomErrorController [http-nio-8080-exec-2] Page Not Found 404
2020-07-30 10:11:57,078 ERROR com.vyntra.vyntrau.controller.CustomErrorController [http-nio-8080-exec-4] Page Not Found 404
2020-07-30 10:13:35,558 ERROR com.vyntra.vyntrau.controller.CustomErrorController [http-nio-8080-exec-3] Page Not Found 404
2020-07-30 10:13:53,715 ERROR com.vyntra.vyntrau.controller.CustomErrorController [http-nio-8080-exec-2] Page Not Found 404
2020-07-30 10:14:29,873 ERROR com.vyntra.vyntrau.controller.CustomErrorController [http-nio-8080-exec-8] Page Not Found 404
2020-07-30 10:15:06,318 ERROR com.vyntra.vyntrau.controller.CustomErrorController [http-nio-8080-exec-7] Page Not Found 404
2020-07-30 10:16:00,078 ERROR com.vyntra.vyntrau.controller.CustomErrorController [http-nio-8080-exec-9] Page Not Found 404
2020-07-30 10:16:49,566 ERROR com.vyntra.vyntrau.controller.CustomErrorController [http-nio-8080-exec-8] Page Not Found 404
2020-07-30 10:17:00,593 ERROR com.vyntra.vyntrau.controller.CustomErrorController [http-nio-8080-exec-7] Page Not Found 404
2020-07-30 10:17:41,634 ERROR com.vyntra.vyntrau.controller.CustomErrorController [http-nio-8080-exec-9] Page Not Found 404
2020-07-30 10:18:02,866 ERROR com.vyntra.vyntrau.controller.CustomErrorController [http-nio-8080-exec-5] Page Not Found 404
2020-07-30 10:18:17,260 ERROR com.vyntra.vyntrau.controller.CustomErrorController [http-nio-8080-exec-6] Page Not Found 404
2020-07-30 10:18:57,683 ERROR com.vyntra.vyntrau.controller.CustomErrorController [http-nio-8080-exec-3] Page Not Found 404
2020-07-30 10:19:28,277 ERROR com.vyntra.vyntrau.controller.CustomErrorController [http-nio-8080-exec-2] Page Not Found 404
2020-07-30 10:21:00,827 ERROR com.vyntra.vyntrau.controller.CustomErrorController [http-nio-8080-exec-7] Page Not Found 404
2020-07-30 10:21:50,042 ERROR com.vyntra.vyntrau.controller.CustomErrorController [http-nio-8080-exec-3] Page Not Found 404
2020-07-30 10:23:31,450 ERROR com.vyntra.vyntrau.controller.CustomErrorController [http-nio-8080-exec-4] Page Not Found 404
2020-07-30 10:23:49,633 ERROR com.vyntra.vyntrau.controller.CustomErrorController [http-nio-8080-exec-10] Page Not Found 404
2020-07-30 10:26:44,200 ERROR com.vyntra.vyntrau.controller.CustomErrorController [http-nio-8080-exec-8] Page Not Found 404
2020-07-30 10:27:00,431 ERROR com.vyntra.vyntrau.controller.CustomErrorController [http-nio-8080-exec-6] Page Not Found 404
2020-07-30 10:27:44,197 ERROR com.vyntra.vyntrau.controller.CustomErrorController [http-nio-8080-exec-1] Page Not Found 404
2020-07-30 10:35:22,311 ERROR com.vyntra.vyntrau.controller.CustomErrorController [http-nio-8080-exec-5] Access Not Granted 403
2020-07-30 10:37:17,375 ERROR com.vyntra.vyntrau.controller.CustomErrorController [http-nio-8080-exec-1] Page Not Found 404
2020-07-30 10:53:22,895 ERROR com.vyntra.vyntrau.controller.CustomErrorController [http-nio-8080-exec-9] Page Not Found 404
2020-07-30 10:53:37,227 ERROR com.vyntra.vyntrau.controller.CustomErrorController [http-nio-8080-exec-2] Page Not Found 404
2020-07-30 10:53:37,275 ERROR com.vyntra.vyntrau.controller.CustomErrorController [http-nio-8080-exec-3] Page Not Found 404
2020-07-30 10:53:56,547 ERROR com.vyntra.vyntrau.controller.CustomErrorController [http-nio-8080-exec-8] Page Not Found 404
2020-07-30 11:16:45,553 ERROR com.vyntra.vyntrau.exception.CustomGlobalExceptionHandler [http-nio-8080-exec-7] 200---null
2020-07-30 11:19:18,895 ERROR com.vyntra.vyntrau.controller.CustomErrorController [http-nio-8080-exec-2] Error has occured 200
2020-07-30 11:19:41,715 ERROR com.vyntra.vyntrau.controller.CustomErrorController [http-nio-8080-exec-5] Error has occured 200
2020-07-30 11:41:34,283 ERROR com.vyntra.vyntrau.controller.CustomErrorController [http-nio-8080-exec-9] Page Not Found 404
2020-07-30 11:42:27,112 ERROR com.vyntra.vyntrau.controller.CustomErrorController [http-nio-8080-exec-7] Page Not Found 404
2020-07-30 11:52:22,131 ERROR com.vyntra.vyntrau.controller.CustomErrorController [http-nio-8080-exec-4] Page Not Found 404
2020-07-30 12:39:20,948 ERROR com.vyntra.vyntrau.controller.CustomErrorController [http-nio-8080-exec-6] Page Not Found 404
2020-07-30 12:41:05,002 ERROR com.vyntra.vyntrau.controller.CustomErrorController [http-nio-8080-exec-6] Page Not Found 404
2020-07-30 12:41:29,585 ERROR com.vyntra.vyntrau.controller.CustomErrorController [http-nio-8080-exec-10] Page Not Found 404
2020-07-30 12:45:47,361 ERROR com.vyntra.vyntrau.controller.CustomErrorController [http-nio-8080-exec-6] Page Not Found 404
2020-07-30 12:46:59,470 ERROR com.vyntra.vyntrau.controller.CustomErrorController [http-nio-8080-exec-10] Page Not Found 404
2020-07-30 12:47:01,852 ERROR com.vyntra.vyntrau.controller.CustomErrorController [http-nio-8080-exec-8] Page Not Found 404
2020-07-30 12:47:05,441 ERROR com.vyntra.vyntrau.controller.CustomErrorController [http-nio-8080-exec-7] Page Not Found 404
2020-07-30 12:47:15,840 ERROR com.vyntra.vyntrau.controller.CustomErrorController [http-nio-8080-exec-6] Page Not Found 404
2020-07-30 12:48:16,386 ERROR com.vyntra.vyntrau.controller.CustomErrorController [http-nio-8080-exec-6] Page Not Found 404
2020-07-30 13:44:30,177 ERROR com.vyntra.vyntrau.controller.CustomErrorController [http-nio-8080-exec-4] Page Not Found 404
2020-07-30 14:25:31,341 ERROR com.vyntra.vyntrau.controller.CustomErrorController [http-nio-8080-exec-4] Page Not Found 404
2020-07-30 14:25:42,419 ERROR com.vyntra.vyntrau.controller.CustomErrorController [http-nio-8080-exec-6] Page Not Found 404
2020-07-30 14:58:52,352 ERROR com.vyntra.vyntrau.controller.CustomErrorController [http-nio-8080-exec-9] Page Not Found 404
2020-07-30 14:59:12,333 ERROR com.vyntra.vyntrau.exception.CustomGlobalExceptionHandler [http-nio-8080-exec-9] 200---The given id must not be null!; nested exception is java.lang.IllegalArgumentException: The given id must not be null!
2020-07-30 14:59:33,876 ERROR com.vyntra.vyntrau.exception.CustomGlobalExceptionHandler [http-nio-8080-exec-4] 200---No class com.vyntra.vyntrau.model.Products entity with id 2 exists!
2020-07-30 16:12:12,312 ERROR com.vyntra.vyntrau.controller.CustomErrorController [http-nio-8080-exec-3] Page Not Found 404
2020-07-30 16:19:24,680 ERROR com.vyntra.vyntrau.controller.CustomErrorController [http-nio-8080-exec-5] Access Not Granted 403
2020-07-30 16:19:24,731 ERROR com.vyntra.vyntrau.controller.CustomErrorController [http-nio-8080-exec-6] Page Not Found 404
2020-07-30 16:25:24,922 ERROR com.vyntra.vyntrau.controller.CustomErrorController [http-nio-8080-exec-7] Page Not Found 404
2020-07-30 16:25:28,526 ERROR com.vyntra.vyntrau.controller.CustomErrorController [http-nio-8080-exec-10] Page Not Found 404
2020-07-30 16:26:39,493 ERROR com.vyntra.vyntrau.controller.CustomErrorController [http-nio-8080-exec-8] Page Not Found 404
2020-07-30 16:26:44,358 ERROR com.vyntra.vyntrau.controller.CustomErrorController [http-nio-8080-exec-1] Page Not Found 404
