2020-07-30 00:23:09,075 INFO com.vyntra.vyntrau.controller.VyntraUserController [http-nio-8080-exec-7] USER asd is logged in
2020-07-30 00:23:13,108 ERROR com.vyntra.vyntrau.controller.CustomErrorController [http-nio-8080-exec-4] Page Not Found 404
2020-07-30 09:23:37,918 INFO com.vyntra.vyntrau.controller.VyntraUserController [http-nio-8080-exec-10] USER asd is logged in
2020-07-30 09:23:41,645 ERROR com.vyntra.vyntrau.controller.CustomErrorController [http-nio-8080-exec-3] Page Not Found 404
2020-07-30 09:55:02,196 ERROR com.vyntra.vyntrau.controller.CustomErrorController [http-nio-8080-exec-2] Page Not Found 404
2020-07-30 09:55:16,710 ERROR com.vyntra.vyntrau.controller.CustomErrorController [http-nio-8080-exec-9] Page Not Found 404
2020-07-30 09:58:19,670 ERROR com.vyntra.vyntrau.controller.CustomErrorController [http-nio-8080-exec-5] Page Not Found 404
2020-07-30 09:58:45,298 ERROR com.vyntra.vyntrau.controller.CustomErrorController [http-nio-8080-exec-1] Page Not Found 404
2020-07-30 09:59:13,210 ERROR com.vyntra.vyntrau.controller.CustomErrorController [http-nio-8080-exec-9] Page Not Found 404
2020-07-30 09:59:49,527 ERROR com.vyntra.vyntrau.controller.CustomErrorController [http-nio-8080-exec-5] Page Not Found 404
2020-07-30 10:00:32,455 ERROR com.vyntra.vyntrau.controller.CustomErrorController [http-nio-8080-exec-4] Page Not Found 404
2020-07-30 10:00:37,833 ERROR com.vyntra.vyntrau.controller.CustomErrorController [http-nio-8080-exec-10] Page Not Found 404
2020-07-30 10:00:42,505 ERROR com.vyntra.vyntrau.controller.CustomErrorController [http-nio-8080-exec-10] Page Not Found 404
2020-07-30 10:01:04,088 ERROR com.vyntra.vyntrau.controller.CustomErrorController [http-nio-8080-exec-9] Page Not Found 404
2020-07-30 10:02:34,980 ERROR com.vyntra.vyntrau.controller.CustomErrorController [http-nio-8080-exec-3] Page Not Found 404
2020-07-30 10:03:54,553 ERROR com.vyntra.vyntrau.controller.CustomErrorController [http-nio-8080-exec-4] Page Not Found 404
2020-07-30 10:04:50,601 ERROR com.vyntra.vyntrau.controller.CustomErrorController [http-nio-8080-exec-6] Page Not Found 404
2020-07-30 10:05:06,724 ERROR com.vyntra.vyntrau.controller.CustomErrorController [http-nio-8080-exec-3] Page Not Found 404
2020-07-30 10:07:35,818 ERROR com.vyntra.vyntrau.controller.CustomErrorController [http-nio-8080-exec-5] Page Not Found 404
2020-07-30 10:08:07,468 ERROR com.vyntra.vyntrau.controller.CustomErrorController [http-nio-8080-exec-7] Page Not Found 404
2020-07-30 10:08:28,832 ERROR com.vyntra.vyntrau.controller.CustomErrorController [http-nio-8080-exec-9] Page Not Found 404
2020-07-30 10:08:58,881 ERROR com.vyntra.vyntrau.controller.CustomErrorController [http-nio-8080-exec-4] Page Not Found 404
2020-07-30 10:11:11,934 ERROR com.vyntra.vyntrau.controller.CustomErrorController [http-nio-8080-exec-10] Page Not Found 404
2020-07-30 10:11:37,199 ERROR com.vyntra.vyntrau.controller.CustomErrorController [http-nio-8080-exec-2] Page Not Found 404
2020-07-30 10:11:57,078 ERROR com.vyntra.vyntrau.controller.CustomErrorController [http-nio-8080-exec-4] Page Not Found 404
2020-07-30 10:13:35,558 ERROR com.vyntra.vyntrau.controller.CustomErrorController [http-nio-8080-exec-3] Page Not Found 404
2020-07-30 10:13:53,715 ERROR com.vyntra.vyntrau.controller.CustomErrorController [http-nio-8080-exec-2] Page Not Found 404
2020-07-30 10:14:29,873 ERROR com.vyntra.vyntrau.controller.CustomErrorController [http-nio-8080-exec-8] Page Not Found 404
2020-07-30 10:15:06,318 ERROR com.vyntra.vyntrau.controller.CustomErrorController [http-nio-8080-exec-7] Page Not Found 404
2020-07-30 10:16:00,078 ERROR com.vyntra.vyntrau.controller.CustomErrorController [http-nio-8080-exec-9] Page Not Found 404
2020-07-30 10:16:49,566 ERROR com.vyntra.vyntrau.controller.CustomErrorController [http-nio-8080-exec-8] Page Not Found 404
2020-07-30 10:17:00,593 ERROR com.vyntra.vyntrau.controller.CustomErrorController [http-nio-8080-exec-7] Page Not Found 404
2020-07-30 10:17:41,634 ERROR com.vyntra.vyntrau.controller.CustomErrorController [http-nio-8080-exec-9] Page Not Found 404
2020-07-30 10:18:02,866 ERROR com.vyntra.vyntrau.controller.CustomErrorController [http-nio-8080-exec-5] Page Not Found 404
2020-07-30 10:18:17,260 ERROR com.vyntra.vyntrau.controller.CustomErrorController [http-nio-8080-exec-6] Page Not Found 404
2020-07-30 10:18:57,683 ERROR com.vyntra.vyntrau.controller.CustomErrorController [http-nio-8080-exec-3] Page Not Found 404
2020-07-30 10:19:28,277 ERROR com.vyntra.vyntrau.controller.CustomErrorController [http-nio-8080-exec-2] Page Not Found 404
2020-07-30 10:21:00,827 ERROR com.vyntra.vyntrau.controller.CustomErrorController [http-nio-8080-exec-7] Page Not Found 404
2020-07-30 10:21:50,042 ERROR com.vyntra.vyntrau.controller.CustomErrorController [http-nio-8080-exec-3] Page Not Found 404
2020-07-30 10:23:31,450 ERROR com.vyntra.vyntrau.controller.CustomErrorController [http-nio-8080-exec-4] Page Not Found 404
2020-07-30 10:23:49,633 ERROR com.vyntra.vyntrau.controller.CustomErrorController [http-nio-8080-exec-10] Page Not Found 404
2020-07-30 10:26:44,200 ERROR com.vyntra.vyntrau.controller.CustomErrorController [http-nio-8080-exec-8] Page Not Found 404
2020-07-30 10:27:00,431 ERROR com.vyntra.vyntrau.controller.CustomErrorController [http-nio-8080-exec-6] Page Not Found 404
2020-07-30 10:27:44,197 ERROR com.vyntra.vyntrau.controller.CustomErrorController [http-nio-8080-exec-1] Page Not Found 404
2020-07-30 10:35:22,311 ERROR com.vyntra.vyntrau.controller.CustomErrorController [http-nio-8080-exec-5] Access Not Granted 403
2020-07-30 10:35:30,747 INFO com.vyntra.vyntrau.controller.VyntraUserController [http-nio-8080-exec-1] ADMIN su is logged in
2020-07-30 10:35:35,002 INFO com.vyntra.vyntrau.controller.VyntraAdminController [http-nio-8080-exec-1] ADMIN su is now looking at product list
2020-07-30 10:37:17,375 ERROR com.vyntra.vyntrau.controller.CustomErrorController [http-nio-8080-exec-1] Page Not Found 404
2020-07-30 10:53:01,049 INFO org.springframework.boot.StartupInfoLogger [restartedMain] Starting VyntrauApplication on SURAJ-PANDEY with PID 6556 (C:\Users\SURAJ\Desktop\front\vyntrau\target\classes started by SURAJ in C:\Users\SURAJ\Desktop\front\vyntrau)
2020-07-30 10:53:01,050 DEBUG org.springframework.boot.StartupInfoLogger [restartedMain] Running with Spring Boot v2.3.1.RELEASE, Spring v5.2.7.RELEASE
2020-07-30 10:53:01,050 INFO org.springframework.boot.SpringApplication [restartedMain] No active profile set, falling back to default profiles: default
2020-07-30 10:53:03,130 INFO org.springframework.boot.StartupInfoLogger [restartedMain] Started VyntrauApplication in 2.128 seconds (JVM running for 98568.513)
2020-07-30 10:53:22,895 ERROR com.vyntra.vyntrau.controller.CustomErrorController [http-nio-8080-exec-9] Page Not Found 404
2020-07-30 10:53:37,227 ERROR com.vyntra.vyntrau.controller.CustomErrorController [http-nio-8080-exec-2] Page Not Found 404
2020-07-30 10:53:37,275 ERROR com.vyntra.vyntrau.controller.CustomErrorController [http-nio-8080-exec-3] Page Not Found 404
2020-07-30 10:53:49,450 INFO com.vyntra.vyntrau.controller.VyntraUserController [http-nio-8080-exec-5] ADMIN su is logged in
2020-07-30 10:53:56,547 ERROR com.vyntra.vyntrau.controller.CustomErrorController [http-nio-8080-exec-8] Page Not Found 404
2020-07-30 11:05:48,718 INFO org.springframework.boot.StartupInfoLogger [restartedMain] Starting VyntrauApplication on SURAJ-PANDEY with PID 6556 (C:\Users\SURAJ\Desktop\front\vyntrau\target\classes started by SURAJ in C:\Users\SURAJ\Desktop\front\vyntrau)
2020-07-30 11:05:48,719 DEBUG org.springframework.boot.StartupInfoLogger [restartedMain] Running with Spring Boot v2.3.1.RELEASE, Spring v5.2.7.RELEASE
2020-07-30 11:05:48,719 INFO org.springframework.boot.SpringApplication [restartedMain] No active profile set, falling back to default profiles: default
2020-07-30 11:05:50,134 INFO org.springframework.boot.StartupInfoLogger [restartedMain] Started VyntrauApplication in 1.454 seconds (JVM running for 99335.517)
2020-07-30 11:16:45,553 ERROR com.vyntra.vyntrau.exception.CustomGlobalExceptionHandler [http-nio-8080-exec-7] 200---null
2020-07-30 11:18:18,324 INFO org.springframework.boot.StartupInfoLogger [restartedMain] Starting VyntrauApplication on SURAJ-PANDEY with PID 6556 (C:\Users\SURAJ\Desktop\front\vyntrau\target\classes started by SURAJ in C:\Users\SURAJ\Desktop\front\vyntrau)
2020-07-30 11:18:18,325 DEBUG org.springframework.boot.StartupInfoLogger [restartedMain] Running with Spring Boot v2.3.1.RELEASE, Spring v5.2.7.RELEASE
2020-07-30 11:18:18,326 INFO org.springframework.boot.SpringApplication [restartedMain] No active profile set, falling back to default profiles: default
2020-07-30 11:18:20,462 INFO org.springframework.boot.StartupInfoLogger [restartedMain] Started VyntrauApplication in 2.194 seconds (JVM running for 100085.845)
2020-07-30 11:19:18,895 ERROR com.vyntra.vyntrau.controller.CustomErrorController [http-nio-8080-exec-2] Error has occured 200
2020-07-30 11:19:41,715 ERROR com.vyntra.vyntrau.controller.CustomErrorController [http-nio-8080-exec-5] Error has occured 200
2020-07-30 11:41:10,974 INFO org.springframework.boot.StartupInfoLogger [restartedMain] Starting VyntrauApplication on SURAJ-PANDEY with PID 6556 (C:\Users\SURAJ\Desktop\front\vyntrau\target\classes started by SURAJ in C:\Users\SURAJ\Desktop\front\vyntrau)
2020-07-30 11:41:10,975 DEBUG org.springframework.boot.StartupInfoLogger [restartedMain] Running with Spring Boot v2.3.1.RELEASE, Spring v5.2.7.RELEASE
2020-07-30 11:41:10,975 INFO org.springframework.boot.SpringApplication [restartedMain] No active profile set, falling back to default profiles: default
2020-07-30 11:41:12,604 INFO org.springframework.boot.StartupInfoLogger [restartedMain] Started VyntrauApplication in 1.665 seconds (JVM running for 101457.988)
2020-07-30 11:41:30,199 INFO com.vyntra.vyntrau.controller.VyntraUserController [http-nio-8080-exec-10] USER asd is logged in
2020-07-30 11:41:34,283 ERROR com.vyntra.vyntrau.controller.CustomErrorController [http-nio-8080-exec-9] Page Not Found 404
2020-07-30 11:42:10,888 INFO com.vyntra.vyntrau.service.UserService [http-nio-8080-exec-10] asd Successfully registered
2020-07-30 11:42:27,112 ERROR com.vyntra.vyntrau.controller.CustomErrorController [http-nio-8080-exec-7] Page Not Found 404
2020-07-30 11:47:01,112 INFO org.springframework.boot.StartupInfoLogger [restartedMain] Starting VyntrauApplication on SURAJ-PANDEY with PID 6556 (C:\Users\SURAJ\Desktop\front\vyntrau\target\classes started by SURAJ in C:\Users\SURAJ\Desktop\front\vyntrau)
2020-07-30 11:47:01,113 DEBUG org.springframework.boot.StartupInfoLogger [restartedMain] Running with Spring Boot v2.3.1.RELEASE, Spring v5.2.7.RELEASE
2020-07-30 11:47:01,113 INFO org.springframework.boot.SpringApplication [restartedMain] No active profile set, falling back to default profiles: default
2020-07-30 11:47:02,577 INFO org.springframework.boot.StartupInfoLogger [restartedMain] Started VyntrauApplication in 1.504 seconds (JVM running for 101807.96)
2020-07-30 11:52:22,131 ERROR com.vyntra.vyntrau.controller.CustomErrorController [http-nio-8080-exec-4] Page Not Found 404
2020-07-30 12:37:59,610 INFO com.vyntra.vyntrau.service.UserService [http-nio-8080-exec-7] asd Successfully registered
2020-07-30 12:39:18,538 INFO com.vyntra.vyntrau.controller.VyntraUserController [http-nio-8080-exec-9] USER asd is logged in
2020-07-30 12:39:20,948 ERROR com.vyntra.vyntrau.controller.CustomErrorController [http-nio-8080-exec-6] Page Not Found 404
2020-07-30 12:41:04,926 INFO com.vyntra.vyntrau.service.UserService [http-nio-8080-exec-3] asd Successfully registered
2020-07-30 12:41:05,002 ERROR com.vyntra.vyntrau.controller.CustomErrorController [http-nio-8080-exec-6] Page Not Found 404
2020-07-30 12:41:29,517 INFO com.vyntra.vyntrau.service.UserService [http-nio-8080-exec-6] asd Successfully registered
2020-07-30 12:41:29,585 ERROR com.vyntra.vyntrau.controller.CustomErrorController [http-nio-8080-exec-10] Page Not Found 404
2020-07-30 12:45:47,361 ERROR com.vyntra.vyntrau.controller.CustomErrorController [http-nio-8080-exec-6] Page Not Found 404
2020-07-30 12:46:59,470 ERROR com.vyntra.vyntrau.controller.CustomErrorController [http-nio-8080-exec-10] Page Not Found 404
2020-07-30 12:47:01,852 ERROR com.vyntra.vyntrau.controller.CustomErrorController [http-nio-8080-exec-8] Page Not Found 404
2020-07-30 12:47:05,441 ERROR com.vyntra.vyntrau.controller.CustomErrorController [http-nio-8080-exec-7] Page Not Found 404
2020-07-30 12:47:15,840 ERROR com.vyntra.vyntrau.controller.CustomErrorController [http-nio-8080-exec-6] Page Not Found 404
2020-07-30 12:48:16,386 ERROR com.vyntra.vyntrau.controller.CustomErrorController [http-nio-8080-exec-6] Page Not Found 404
2020-07-30 13:34:42,771 INFO org.springframework.boot.StartupInfoLogger [restartedMain] Starting VyntrauApplication on SURAJ-PANDEY with PID 6556 (C:\Users\SURAJ\Desktop\front\vyntrau\target\classes started by SURAJ in C:\Users\SURAJ\Desktop\front\vyntrau)
2020-07-30 13:34:42,771 DEBUG org.springframework.boot.StartupInfoLogger [restartedMain] Running with Spring Boot v2.3.1.RELEASE, Spring v5.2.7.RELEASE
2020-07-30 13:34:42,771 INFO org.springframework.boot.SpringApplication [restartedMain] No active profile set, falling back to default profiles: default
2020-07-30 13:34:44,190 INFO org.springframework.boot.StartupInfoLogger [restartedMain] Started VyntrauApplication in 1.457 seconds (JVM running for 108269.573)
2020-07-30 13:43:48,220 INFO org.springframework.boot.StartupInfoLogger [restartedMain] Starting VyntrauApplication on SURAJ-PANDEY with PID 6556 (C:\Users\SURAJ\Desktop\front\vyntrau\target\classes started by SURAJ in C:\Users\SURAJ\Desktop\front\vyntrau)
2020-07-30 13:43:48,221 DEBUG org.springframework.boot.StartupInfoLogger [restartedMain] Running with Spring Boot v2.3.1.RELEASE, Spring v5.2.7.RELEASE
2020-07-30 13:43:48,221 INFO org.springframework.boot.SpringApplication [restartedMain] No active profile set, falling back to default profiles: default
2020-07-30 13:43:49,467 INFO org.springframework.boot.StartupInfoLogger [restartedMain] Started VyntrauApplication in 1.285 seconds (JVM running for 108814.85)
2020-07-30 13:44:16,993 INFO com.vyntra.vyntrau.controller.VyntraUserController [http-nio-8080-exec-6] USER asd is logged in
2020-07-30 13:44:30,177 ERROR com.vyntra.vyntrau.controller.CustomErrorController [http-nio-8080-exec-4] Page Not Found 404
2020-07-30 14:18:44,584 INFO org.springframework.boot.StartupInfoLogger [restartedMain] Starting VyntrauApplication on SURAJ-PANDEY with PID 6556 (C:\Users\SURAJ\Desktop\front\vyntrau\target\classes started by SURAJ in C:\Users\SURAJ\Desktop\front\vyntrau)
2020-07-30 14:18:44,584 DEBUG org.springframework.boot.StartupInfoLogger [restartedMain] Running with Spring Boot v2.3.1.RELEASE, Spring v5.2.7.RELEASE
2020-07-30 14:18:44,584 INFO org.springframework.boot.SpringApplication [restartedMain] No active profile set, falling back to default profiles: default
2020-07-30 14:18:45,684 INFO org.springframework.boot.StartupInfoLogger [restartedMain] Started VyntrauApplication in 1.171 seconds (JVM running for 110911.068)
2020-07-30 14:25:18,383 INFO com.vyntra.vyntrau.controller.VyntraUserController [http-nio-8080-exec-6] USER asd is logged in
2020-07-30 14:25:31,341 ERROR com.vyntra.vyntrau.controller.CustomErrorController [http-nio-8080-exec-4] Page Not Found 404
2020-07-30 14:25:42,272 INFO com.vyntra.vyntrau.service.UserService [http-nio-8080-exec-10] asd Successfully registered
2020-07-30 14:25:42,419 ERROR com.vyntra.vyntrau.controller.CustomErrorController [http-nio-8080-exec-6] Page Not Found 404
2020-07-30 14:44:40,671 INFO com.vyntra.vyntrau.controller.VyntraUserController [http-nio-8080-exec-2] ADMIN nagato is logged in
2020-07-30 14:44:51,186 INFO com.vyntra.vyntrau.controller.VyntraAdminController [http-nio-8080-exec-2] ADMIN nagato is now looking at product list
2020-07-30 14:46:01,024 INFO com.vyntra.vyntrau.controller.VyntraAdminController [http-nio-8080-exec-3] ADMIN nagato added a product with id38
2020-07-30 14:46:10,404 INFO com.vyntra.vyntrau.controller.VyntraAdminController [http-nio-8080-exec-10] ADMIN nagato modified content of product details with id38
2020-07-30 14:46:21,443 INFO com.vyntra.vyntrau.controller.VyntraAdminController [http-nio-8080-exec-6] ADMIN nagato added a product with id38
2020-07-30 14:46:34,473 INFO com.vyntra.vyntrau.controller.VyntraAdminController [http-nio-8080-exec-8] ADMIN nagato deleted a product with id 32
2020-07-30 14:47:23,076 INFO com.vyntra.vyntrau.controller.VyntraAdminController [http-nio-8080-exec-9] ADMIN nagato is now looking at product list
2020-07-30 14:47:24,669 INFO com.vyntra.vyntrau.controller.VyntraAdminController [http-nio-8080-exec-6] ADMIN nagato is now looking at the full detail of users
2020-07-30 14:47:48,573 INFO com.vyntra.vyntrau.controller.VyntraAdminController [http-nio-8080-exec-8] ADMIN nagato is now looking at the full detail of users
2020-07-30 14:47:53,321 INFO com.vyntra.vyntrau.controller.VyntraAdminController [http-nio-8080-exec-2] ADMIN nagato is now looking at admin list
2020-07-30 14:48:00,226 INFO com.vyntra.vyntrau.controller.VyntraAdminController [http-nio-8080-exec-6] ADMIN nagato is looking at auth list
2020-07-30 14:50:59,470 INFO org.springframework.boot.StartupInfoLogger [restartedMain] Starting VyntrauApplication on SURAJ-PANDEY with PID 6556 (C:\Users\SURAJ\Desktop\front\vyntrau\target\classes started by SURAJ in C:\Users\SURAJ\Desktop\front\vyntrau)
2020-07-30 14:50:59,471 DEBUG org.springframework.boot.StartupInfoLogger [restartedMain] Running with Spring Boot v2.3.1.RELEASE, Spring v5.2.7.RELEASE
2020-07-30 14:50:59,471 INFO org.springframework.boot.SpringApplication [restartedMain] No active profile set, falling back to default profiles: default
2020-07-30 14:51:00,832 INFO org.springframework.boot.StartupInfoLogger [restartedMain] Started VyntrauApplication in 1.389 seconds (JVM running for 112846.215)
2020-07-30 14:51:04,479 INFO com.vyntra.vyntrau.controller.VyntraAdminController [http-nio-8080-exec-1] ADMIN nagato is looking at auth list
2020-07-30 14:51:19,874 INFO com.vyntra.vyntrau.controller.VyntraAdminController [http-nio-8080-exec-9] ADMIN nagato is now looking at admin list
2020-07-30 14:51:30,584 INFO com.vyntra.vyntrau.controller.VyntraAdminController [http-nio-8080-exec-4] ADMIN nagato is now looking at the full detail of users
2020-07-30 14:52:53,413 INFO com.vyntra.vyntrau.service.UserService [http-nio-8080-exec-9] ryuk Successfully registered
2020-07-30 14:54:08,386 INFO com.vyntra.vyntrau.controller.VyntraAdminController [http-nio-8080-exec-4] ADMIN nagato is now looking at the full detail of users
2020-07-30 14:54:30,723 INFO org.springframework.boot.StartupInfoLogger [restartedMain] Starting VyntrauApplication on SURAJ-PANDEY with PID 6556 (C:\Users\SURAJ\Desktop\front\vyntrau\target\classes started by SURAJ in C:\Users\SURAJ\Desktop\front\vyntrau)
2020-07-30 14:54:30,724 DEBUG org.springframework.boot.StartupInfoLogger [restartedMain] Running with Spring Boot v2.3.1.RELEASE, Spring v5.2.7.RELEASE
2020-07-30 14:54:30,724 INFO org.springframework.boot.SpringApplication [restartedMain] No active profile set, falling back to default profiles: default
2020-07-30 14:54:31,832 INFO org.springframework.boot.StartupInfoLogger [restartedMain] Started VyntrauApplication in 1.138 seconds (JVM running for 113057.215)
2020-07-30 14:55:19,853 INFO com.vyntra.vyntrau.service.UserService [http-nio-8080-exec-2] harem Successfully registered
2020-07-30 14:55:19,892 INFO com.vyntra.vyntrau.controller.VyntraAdminController [http-nio-8080-exec-3] ADMIN nagato is now looking at the full detail of users
2020-07-30 14:55:45,471 INFO com.vyntra.vyntrau.controller.VyntraAdminController [http-nio-8080-exec-1] ADMIN nagato modified the content of user details with user id 21
2020-07-30 14:56:10,252 INFO com.vyntra.vyntrau.service.UserService [http-nio-8080-exec-5] asdfg Successfully registered
2020-07-30 14:56:10,264 INFO com.vyntra.vyntrau.controller.VyntraAdminController [http-nio-8080-exec-10] ADMIN nagato is now looking at the full detail of users
2020-07-30 14:56:25,422 INFO com.vyntra.vyntrau.controller.VyntraAdminController [http-nio-8080-exec-8] ADMIN nagato deleted a user with id 22
2020-07-30 14:56:58,509 INFO com.vyntra.vyntrau.controller.VyntraAdminController [http-nio-8080-exec-2] ADMIN nagato changed the role of user asdto USER
2020-07-30 14:57:16,428 INFO com.vyntra.vyntrau.controller.VyntraAdminController [http-nio-8080-exec-9] ADMIN nagato changed the role of user asdto ADMIN
2020-07-30 14:57:28,224 INFO com.vyntra.vyntrau.controller.VyntraAdminController [http-nio-8080-exec-5] ADMIN nagato is now looking at the full detail of users
2020-07-30 14:57:36,100 INFO com.vyntra.vyntrau.controller.VyntraAdminController [http-nio-8080-exec-6] ADMIN nagato deleted a user with id 2
2020-07-30 14:58:52,352 ERROR com.vyntra.vyntrau.controller.CustomErrorController [http-nio-8080-exec-9] Page Not Found 404
2020-07-30 14:58:59,550 INFO com.vyntra.vyntrau.controller.VyntraAdminController [http-nio-8080-exec-2] ADMIN nagato is now looking at the full detail of users
2020-07-30 14:59:12,333 ERROR com.vyntra.vyntrau.exception.CustomGlobalExceptionHandler [http-nio-8080-exec-9] 200---The given id must not be null!; nested exception is java.lang.IllegalArgumentException: The given id must not be null!
2020-07-30 14:59:16,616 INFO com.vyntra.vyntrau.controller.VyntraAdminController [http-nio-8080-exec-2] ADMIN nagato is now looking at the full detail of users
2020-07-30 14:59:28,502 INFO com.vyntra.vyntrau.controller.VyntraAdminController [http-nio-8080-exec-9] ADMIN nagato is now looking at product list
2020-07-30 14:59:33,876 ERROR com.vyntra.vyntrau.exception.CustomGlobalExceptionHandler [http-nio-8080-exec-4] 200---No class com.vyntra.vyntrau.model.Products entity with id 2 exists!
2020-07-30 14:59:41,461 INFO com.vyntra.vyntrau.controller.VyntraAdminController [http-nio-8080-exec-9] ADMIN nagato is now looking at product list
2020-07-30 14:59:44,643 INFO com.vyntra.vyntrau.controller.VyntraAdminController [http-nio-8080-exec-4] ADMIN nagato is now looking at the full detail of users
2020-07-30 14:59:46,332 INFO com.vyntra.vyntrau.controller.VyntraAdminController [http-nio-8080-exec-3] ADMIN nagato is now looking at product list
2020-07-30 15:00:19,109 INFO org.springframework.boot.StartupInfoLogger [restartedMain] Starting VyntrauApplication on SURAJ-PANDEY with PID 6556 (C:\Users\SURAJ\Desktop\front\vyntrau\target\classes started by SURAJ in C:\Users\SURAJ\Desktop\front\vyntrau)
2020-07-30 15:00:19,109 DEBUG org.springframework.boot.StartupInfoLogger [restartedMain] Running with Spring Boot v2.3.1.RELEASE, Spring v5.2.7.RELEASE
2020-07-30 15:00:19,110 INFO org.springframework.boot.SpringApplication [restartedMain] No active profile set, falling back to default profiles: default
2020-07-30 15:00:20,627 INFO org.springframework.boot.StartupInfoLogger [restartedMain] Started VyntrauApplication in 1.611 seconds (JVM running for 113406.011)
2020-07-30 15:12:51,967 INFO org.springframework.boot.StartupInfoLogger [restartedMain] Starting VyntrauApplication on SURAJ-PANDEY with PID 6556 (C:\Users\SURAJ\Desktop\front\vyntrau\target\classes started by SURAJ in C:\Users\SURAJ\Desktop\front\vyntrau)
2020-07-30 15:12:51,968 DEBUG org.springframework.boot.StartupInfoLogger [restartedMain] Running with Spring Boot v2.3.1.RELEASE, Spring v5.2.7.RELEASE
2020-07-30 15:12:51,968 INFO org.springframework.boot.SpringApplication [restartedMain] No active profile set, falling back to default profiles: default
2020-07-30 15:12:53,038 INFO org.springframework.boot.StartupInfoLogger [restartedMain] Started VyntrauApplication in 1.111 seconds (JVM running for 114158.42)
2020-07-30 16:08:36,839 INFO com.vyntra.vyntrau.controller.VyntraUserController [http-nio-8080-exec-2] USER user is logged in
2020-07-30 16:12:12,312 ERROR com.vyntra.vyntrau.controller.CustomErrorController [http-nio-8080-exec-3] Page Not Found 404
2020-07-30 16:19:24,680 ERROR com.vyntra.vyntrau.controller.CustomErrorController [http-nio-8080-exec-5] Access Not Granted 403
2020-07-30 16:19:24,731 ERROR com.vyntra.vyntrau.controller.CustomErrorController [http-nio-8080-exec-6] Page Not Found 404
2020-07-30 16:19:56,983 INFO com.vyntra.vyntrau.controller.VyntraUserController [http-nio-8080-exec-3] ADMIN nagato is logged in
2020-07-30 16:20:46,462 INFO com.vyntra.vyntrau.controller.VyntraAdminController [http-nio-8080-exec-9] ADMIN nagato is now looking at product list
2020-07-30 16:21:44,483 INFO com.vyntra.vyntrau.controller.VyntraAdminController [http-nio-8080-exec-2] ADMIN nagato is now looking at the full detail of users
2020-07-30 16:25:22,202 INFO com.vyntra.vyntrau.controller.VyntraUserController [http-nio-8080-exec-4] USER user is logged in
2020-07-30 16:25:24,922 ERROR com.vyntra.vyntrau.controller.CustomErrorController [http-nio-8080-exec-7] Page Not Found 404
2020-07-30 16:25:28,526 ERROR com.vyntra.vyntrau.controller.CustomErrorController [http-nio-8080-exec-10] Page Not Found 404
2020-07-30 16:26:39,493 ERROR com.vyntra.vyntrau.controller.CustomErrorController [http-nio-8080-exec-8] Page Not Found 404
2020-07-30 16:26:44,358 ERROR com.vyntra.vyntrau.controller.CustomErrorController [http-nio-8080-exec-1] Page Not Found 404
