2020-07-25 09:17:00,556 ERROR com.vyntra.vyntrau.controller.CustomErrorController [http-nio-8080-exec-4] Error has occured
2020-07-25 09:48:38,860 ERROR com.vyntra.vyntrau.controller.CustomErrorController [http-nio-8080-exec-4] Error has occured
2020-07-25 11:54:42,415 ERROR com.vyntra.vyntrau.controller.CustomErrorController [http-nio-8080-exec-8] Error has occured
2020-07-25 11:55:10,134 ERROR com.vyntra.vyntrau.controller.CustomErrorController [http-nio-8080-exec-1] Error has occured
2020-07-25 11:55:24,036 ERROR com.vyntra.vyntrau.controller.CustomErrorController [http-nio-8080-exec-9] Error has occured
2020-07-25 11:58:29,486 ERROR com.vyntra.vyntrau.controller.CustomErrorController [http-nio-8080-exec-7] Error has occured
2020-07-25 11:59:25,677 ERROR com.vyntra.vyntrau.controller.CustomErrorController [http-nio-8080-exec-8] Error has occured
2020-07-25 12:00:14,995 ERROR com.vyntra.vyntrau.controller.CustomErrorController [http-nio-8080-exec-7] Error has occured
2020-07-25 12:00:17,531 ERROR com.vyntra.vyntrau.controller.CustomErrorController [http-nio-8080-exec-1] Error has occured
2020-07-25 12:00:25,140 ERROR com.vyntra.vyntrau.controller.CustomErrorController [http-nio-8080-exec-7] Error has occured
2020-07-25 12:00:38,619 ERROR com.vyntra.vyntrau.controller.CustomErrorController [http-nio-8080-exec-10] Error has occured
2020-07-25 12:02:11,826 ERROR com.vyntra.vyntrau.controller.CustomErrorController [http-nio-8080-exec-10] Error has occured
2020-07-25 12:04:32,309 ERROR com.vyntra.vyntrau.controller.CustomErrorController [http-nio-8080-exec-2] Error has occured
2020-07-25 12:04:48,629 ERROR com.vyntra.vyntrau.controller.CustomErrorController [http-nio-8080-exec-6] Error has occured
2020-07-25 12:12:42,204 ERROR com.vyntra.vyntrau.controller.CustomErrorController [http-nio-8080-exec-8] Error has occured
2020-07-25 12:13:01,731 ERROR com.vyntra.vyntrau.controller.CustomErrorController [http-nio-8080-exec-10] Error has occured
2020-07-25 12:15:35,029 ERROR com.vyntra.vyntrau.controller.CustomErrorController [http-nio-8080-exec-10] server error
2020-07-25 12:18:59,586 ERROR com.vyntra.vyntrau.controller.CustomErrorController [http-nio-8080-exec-6] Error has occured
2020-07-25 12:19:16,917 ERROR com.vyntra.vyntrau.controller.CustomErrorController [http-nio-8080-exec-3] Error has occured
2020-07-25 14:49:10,375 ERROR com.vyntra.vyntrau.controller.CustomErrorController [http-nio-8080-exec-1] Error has occured
2020-07-25 14:50:20,791 ERROR com.vyntra.vyntrau.controller.CustomErrorController [http-nio-8080-exec-8] Error has occured
2020-07-25 14:50:22,299 ERROR com.vyntra.vyntrau.controller.CustomErrorController [http-nio-8080-exec-9] Error has occured
2020-07-25 14:50:35,407 ERROR com.vyntra.vyntrau.controller.CustomErrorController [http-nio-8080-exec-1] Error has occured
2020-07-25 14:50:58,600 ERROR com.vyntra.vyntrau.controller.CustomErrorController [http-nio-8080-exec-5] Error has occured
2020-07-25 14:51:30,335 ERROR com.vyntra.vyntrau.controller.CustomErrorController [http-nio-8080-exec-6] Error has occured
2020-07-25 15:03:21,456 ERROR com.vyntra.vyntrau.controller.CustomErrorController [http-nio-8080-exec-6] Page Not Found
2020-07-25 15:05:10,661 ERROR com.vyntra.vyntrau.controller.CustomErrorController [http-nio-8080-exec-10] Page Not Found
2020-07-25 15:05:12,830 ERROR com.vyntra.vyntrau.controller.CustomErrorController [http-nio-8080-exec-1] Page Not Found
2020-07-25 15:07:31,457 ERROR com.vyntra.vyntrau.controller.CustomErrorController [http-nio-8080-exec-1] Page Not Found
2020-07-25 16:10:52,863 ERROR com.vyntra.vyntrau.controller.CustomErrorController [http-nio-8080-exec-9] Page Not Found
2020-07-25 16:40:05,593 ERROR com.vyntra.vyntrau.controller.CustomErrorController [http-nio-8080-exec-6] server error
2020-07-25 16:40:33,263 ERROR com.vyntra.vyntrau.controller.CustomErrorController [http-nio-8080-exec-6] server error
2020-07-25 16:40:39,112 ERROR com.vyntra.vyntrau.controller.CustomErrorController [http-nio-8080-exec-6] server error
2020-07-25 17:32:40,447 ERROR com.vyntra.vyntrau.controller.CustomErrorController [http-nio-8080-exec-1] Page Not Found
2020-07-25 17:33:40,884 ERROR com.vyntra.vyntrau.controller.CustomErrorController [http-nio-8080-exec-1] Error has occured
2020-07-25 17:34:19,255 ERROR com.vyntra.vyntrau.controller.CustomErrorController [http-nio-8080-exec-1] Error has occured
2020-07-25 17:52:04,945 ERROR com.vyntra.vyntrau.controller.CustomErrorController [http-nio-8080-exec-9] Page Not Found
2020-07-25 18:12:17,136 ERROR com.vyntra.vyntrau.controller.CustomErrorController [http-nio-8080-exec-3] Page Not Found
2020-07-25 21:16:49,301 ERROR com.vyntra.vyntrau.controller.CustomErrorController [http-nio-8080-exec-6] Page Not Found404
2020-07-25 21:17:59,144 ERROR com.vyntra.vyntrau.controller.CustomErrorController [http-nio-8080-exec-6] Access Not Granted403
2020-07-25 21:19:47,519 ERROR com.vyntra.vyntrau.exception.CustomGlobalExceptionHandler [http-nio-8080-exec-8] 200---NO SUCH PRODUCT ID FOUND
2020-07-25 21:22:00,931 ERROR com.vyntra.vyntrau.exception.CustomGlobalExceptionHandler [http-nio-8080-exec-1] 200---NO SUCH PRODUCT ID FOUND
