2020-07-27 07:20:58,872 INFO org.springframework.boot.StartupInfoLogger [restartedMain] Starting VyntrauApplication on SURAJ-PANDEY with PID 16916 (C:\Users\SURAJ\Desktop\front\vyntrau\target\classes started by SURAJ in C:\Users\SURAJ\Desktop\front\vyntrau)
2020-07-27 07:20:58,879 DEBUG org.springframework.boot.StartupInfoLogger [restartedMain] Running with Spring Boot v2.3.1.RELEASE, Spring v5.2.7.RELEASE
2020-07-27 07:20:58,880 INFO org.springframework.boot.SpringApplication [restartedMain] No active profile set, falling back to default profiles: default
2020-07-27 07:21:07,719 INFO org.springframework.boot.StartupInfoLogger [restartedMain] Started VyntrauApplication in 9.668 seconds (JVM running for 10.649)
2020-07-27 07:22:52,363 INFO com.vyntra.vyntrau.controller.VyntraUserController [http-nio-8080-exec-5] ADMIN nagato is logged in
2020-07-27 07:24:01,751 INFO com.vyntra.vyntrau.controller.VyntraAdminController [http-nio-8080-exec-1] ADMIN nagato is now looking at the full detail of users
2020-07-27 07:24:08,837 INFO com.vyntra.vyntrau.controller.VyntraAdminController [http-nio-8080-exec-7] ADMIN nagato is now looking at product list
2020-07-27 07:24:13,323 INFO com.vyntra.vyntrau.controller.VyntraAdminController [http-nio-8080-exec-8] ADMIN nagato is now looking at the full detail of users
2020-07-27 07:24:19,272 INFO com.vyntra.vyntrau.controller.VyntraAdminController [http-nio-8080-exec-10] ADMIN nagato is now looking at the full detail of users
2020-07-27 07:25:25,117 INFO com.vyntra.vyntrau.service.UserService [http-nio-8080-exec-6] yahiko Successfully registered
2020-07-27 07:25:34,083 INFO com.vyntra.vyntrau.controller.VyntraAdminController [http-nio-8080-exec-3] ADMIN nagato is now looking at the full detail of users
2020-07-27 07:27:37,102 INFO com.vyntra.vyntrau.controller.VyntraAdminController [http-nio-8080-exec-6] ADMIN nagato is looking at auth list
2020-07-27 07:28:37,944 INFO com.vyntra.vyntrau.controller.VyntraAdminController [http-nio-8080-exec-4] ADMIN nagato is looking at auth list
2020-07-27 07:29:07,697 INFO com.vyntra.vyntrau.controller.VyntraAdminController [http-nio-8080-exec-3] ADMIN nagato is looking at auth list
2020-07-27 07:29:37,472 INFO com.vyntra.vyntrau.controller.VyntraAdminController [http-nio-8080-exec-8] ADMIN nagato is looking at auth list
2020-07-27 07:29:45,237 INFO com.vyntra.vyntrau.controller.VyntraAdminController [http-nio-8080-exec-4] ADMIN nagato is looking at auth list
2020-07-27 07:30:36,260 INFO com.vyntra.vyntrau.controller.VyntraAdminController [http-nio-8080-exec-1] ADMIN nagato is looking at auth list
2020-07-27 07:31:47,061 INFO com.vyntra.vyntrau.controller.VyntraAdminController [http-nio-8080-exec-9] ADMIN nagato is now looking at the full detail of users
2020-07-27 07:31:55,291 INFO com.vyntra.vyntrau.controller.VyntraAdminController [http-nio-8080-exec-6] ADMIN nagato modified the content of user details with user id 2
2020-07-27 07:32:25,374 INFO com.vyntra.vyntrau.controller.VyntraAdminController [http-nio-8080-exec-8] ADMIN nagato modified the content of user details with user id 2
2020-07-27 07:32:54,004 INFO com.vyntra.vyntrau.controller.VyntraAdminController [http-nio-8080-exec-9] ADMIN nagato modified the content of user details with user id 2
2020-07-27 07:33:52,721 INFO com.vyntra.vyntrau.controller.VyntraAdminController [http-nio-8080-exec-2] ADMIN nagato modified the content of user details with user id 2
2020-07-27 07:40:31,986 INFO org.springframework.boot.StartupInfoLogger [restartedMain] Starting VyntrauApplication on SURAJ-PANDEY with PID 16916 (C:\Users\SURAJ\Desktop\front\vyntrau\target\classes started by SURAJ in C:\Users\SURAJ\Desktop\front\vyntrau)
2020-07-27 07:40:31,986 DEBUG org.springframework.boot.StartupInfoLogger [restartedMain] Running with Spring Boot v2.3.1.RELEASE, Spring v5.2.7.RELEASE
2020-07-27 07:40:31,987 INFO org.springframework.boot.SpringApplication [restartedMain] No active profile set, falling back to default profiles: default
2020-07-27 07:40:34,463 INFO org.springframework.boot.StartupInfoLogger [restartedMain] Started VyntrauApplication in 2.541 seconds (JVM running for 1177.392)
2020-07-27 07:44:49,158 INFO com.vyntra.vyntrau.controller.VyntraAdminController [http-nio-8080-exec-7] ADMIN nagato is now looking at product list
2020-07-27 07:44:56,301 INFO com.vyntra.vyntrau.controller.VyntraAdminController [http-nio-8080-exec-9] ADMIN nagato modified content of product details with id1
2020-07-27 07:45:00,979 INFO com.vyntra.vyntrau.controller.VyntraAdminController [http-nio-8080-exec-8] ADMIN nagato is now looking at the full detail of users
2020-07-27 07:47:33,746 INFO org.springframework.boot.StartupInfoLogger [restartedMain] Starting VyntrauApplication on SURAJ-PANDEY with PID 16916 (C:\Users\SURAJ\Desktop\front\vyntrau\target\classes started by SURAJ in C:\Users\SURAJ\Desktop\front\vyntrau)
2020-07-27 07:47:33,747 DEBUG org.springframework.boot.StartupInfoLogger [restartedMain] Running with Spring Boot v2.3.1.RELEASE, Spring v5.2.7.RELEASE
2020-07-27 07:47:33,748 INFO org.springframework.boot.SpringApplication [restartedMain] No active profile set, falling back to default profiles: default
2020-07-27 07:47:35,431 INFO org.springframework.boot.StartupInfoLogger [restartedMain] Started VyntrauApplication in 1.73 seconds (JVM running for 1598.361)
2020-07-27 07:48:00,317 INFO org.springframework.boot.StartupInfoLogger [restartedMain] Starting VyntrauApplication on SURAJ-PANDEY with PID 16916 (C:\Users\SURAJ\Desktop\front\vyntrau\target\classes started by SURAJ in C:\Users\SURAJ\Desktop\front\vyntrau)
2020-07-27 07:48:00,318 DEBUG org.springframework.boot.StartupInfoLogger [restartedMain] Running with Spring Boot v2.3.1.RELEASE, Spring v5.2.7.RELEASE
2020-07-27 07:48:00,319 INFO org.springframework.boot.SpringApplication [restartedMain] No active profile set, falling back to default profiles: default
2020-07-27 07:48:02,539 INFO org.springframework.boot.StartupInfoLogger [restartedMain] Started VyntrauApplication in 2.292 seconds (JVM running for 1625.468)
2020-07-27 07:48:22,682 INFO org.springframework.boot.StartupInfoLogger [restartedMain] Starting VyntrauApplication on SURAJ-PANDEY with PID 16916 (C:\Users\SURAJ\Desktop\front\vyntrau\target\classes started by SURAJ in C:\Users\SURAJ\Desktop\front\vyntrau)
2020-07-27 07:48:22,682 DEBUG org.springframework.boot.StartupInfoLogger [restartedMain] Running with Spring Boot v2.3.1.RELEASE, Spring v5.2.7.RELEASE
2020-07-27 07:48:22,683 INFO org.springframework.boot.SpringApplication [restartedMain] No active profile set, falling back to default profiles: default
2020-07-27 07:48:24,246 INFO org.springframework.boot.StartupInfoLogger [restartedMain] Started VyntrauApplication in 1.601 seconds (JVM running for 1647.176)
2020-07-27 07:49:38,794 INFO org.springframework.boot.StartupInfoLogger [restartedMain] Starting VyntrauApplication on SURAJ-PANDEY with PID 16916 (C:\Users\SURAJ\Desktop\front\vyntrau\target\classes started by SURAJ in C:\Users\SURAJ\Desktop\front\vyntrau)
2020-07-27 07:49:38,795 DEBUG org.springframework.boot.StartupInfoLogger [restartedMain] Running with Spring Boot v2.3.1.RELEASE, Spring v5.2.7.RELEASE
2020-07-27 07:49:38,796 INFO org.springframework.boot.SpringApplication [restartedMain] No active profile set, falling back to default profiles: default
2020-07-27 07:49:40,125 INFO org.springframework.boot.StartupInfoLogger [restartedMain] Started VyntrauApplication in 1.363 seconds (JVM running for 1723.054)
2020-07-27 07:50:16,551 INFO com.vyntra.vyntrau.controller.VyntraUserController [http-nio-8080-exec-5] ADMIN su is logged in
2020-07-27 07:50:35,729 INFO com.vyntra.vyntrau.controller.VyntraUserController [http-nio-8080-exec-4] USER asd is logged in
2020-07-27 07:54:40,553 INFO org.springframework.boot.StartupInfoLogger [restartedMain] Starting VyntrauApplication on SURAJ-PANDEY with PID 16916 (C:\Users\SURAJ\Desktop\front\vyntrau\target\classes started by SURAJ in C:\Users\SURAJ\Desktop\front\vyntrau)
2020-07-27 07:54:40,554 DEBUG org.springframework.boot.StartupInfoLogger [restartedMain] Running with Spring Boot v2.3.1.RELEASE, Spring v5.2.7.RELEASE
2020-07-27 07:54:40,554 INFO org.springframework.boot.SpringApplication [restartedMain] No active profile set, falling back to default profiles: default
2020-07-27 07:54:42,132 INFO org.springframework.boot.StartupInfoLogger [restartedMain] Started VyntrauApplication in 1.617 seconds (JVM running for 2025.061)
2020-07-27 07:57:33,311 INFO org.springframework.boot.StartupInfoLogger [restartedMain] Starting VyntrauApplication on SURAJ-PANDEY with PID 16916 (C:\Users\SURAJ\Desktop\front\vyntrau\target\classes started by SURAJ in C:\Users\SURAJ\Desktop\front\vyntrau)
2020-07-27 07:57:33,312 DEBUG org.springframework.boot.StartupInfoLogger [restartedMain] Running with Spring Boot v2.3.1.RELEASE, Spring v5.2.7.RELEASE
2020-07-27 07:57:33,313 INFO org.springframework.boot.SpringApplication [restartedMain] No active profile set, falling back to default profiles: default
2020-07-27 07:57:35,905 INFO org.springframework.boot.StartupInfoLogger [restartedMain] Started VyntrauApplication in 2.668 seconds (JVM running for 2198.834)
2020-07-27 07:57:41,764 INFO com.vyntra.vyntrau.controller.VyntraUserController [http-nio-8080-exec-4] ADMIN su is logged in
2020-07-27 08:07:34,886 INFO org.springframework.boot.StartupInfoLogger [restartedMain] Starting VyntrauApplication on SURAJ-PANDEY with PID 16916 (C:\Users\SURAJ\Desktop\front\vyntrau\target\classes started by SURAJ in C:\Users\SURAJ\Desktop\front\vyntrau)
2020-07-27 08:07:34,886 DEBUG org.springframework.boot.StartupInfoLogger [restartedMain] Running with Spring Boot v2.3.1.RELEASE, Spring v5.2.7.RELEASE
2020-07-27 08:07:34,887 INFO org.springframework.boot.SpringApplication [restartedMain] No active profile set, falling back to default profiles: default
2020-07-27 08:07:36,552 INFO org.springframework.boot.StartupInfoLogger [restartedMain] Started VyntrauApplication in 1.698 seconds (JVM running for 2799.481)
2020-07-27 08:07:46,567 INFO org.springframework.boot.StartupInfoLogger [restartedMain] Starting VyntrauApplication on SURAJ-PANDEY with PID 16916 (C:\Users\SURAJ\Desktop\front\vyntrau\target\classes started by SURAJ in C:\Users\SURAJ\Desktop\front\vyntrau)
2020-07-27 08:07:46,568 DEBUG org.springframework.boot.StartupInfoLogger [restartedMain] Running with Spring Boot v2.3.1.RELEASE, Spring v5.2.7.RELEASE
2020-07-27 08:07:46,568 INFO org.springframework.boot.SpringApplication [restartedMain] No active profile set, falling back to default profiles: default
2020-07-27 08:07:48,017 INFO org.springframework.boot.StartupInfoLogger [restartedMain] Started VyntrauApplication in 1.478 seconds (JVM running for 2810.946)
2020-07-27 16:24:18,615 INFO com.vyntra.vyntrau.controller.VyntraUserController [http-nio-8080-exec-10] USER asd is logged in
2020-07-27 16:42:24,496 INFO org.springframework.boot.StartupInfoLogger [restartedMain] Starting VyntrauApplication on SURAJ-PANDEY with PID 16916 (C:\Users\SURAJ\Desktop\front\vyntrau\target\classes started by SURAJ in C:\Users\SURAJ\Desktop\front\vyntrau)
2020-07-27 16:42:24,497 DEBUG org.springframework.boot.StartupInfoLogger [restartedMain] Running with Spring Boot v2.3.1.RELEASE, Spring v5.2.7.RELEASE
2020-07-27 16:42:24,499 INFO org.springframework.boot.SpringApplication [restartedMain] No active profile set, falling back to default profiles: default
2020-07-27 16:42:26,988 INFO org.springframework.boot.StartupInfoLogger [restartedMain] Started VyntrauApplication in 2.556 seconds (JVM running for 33710.134)
2020-07-27 16:51:55,503 INFO com.vyntra.vyntrau.controller.VyntraUserController [http-nio-8080-exec-9] USER asd is logged in
2020-07-27 17:55:41,822 INFO com.vyntra.vyntrau.controller.VyntraUserController [http-nio-8080-exec-2] USER asd is logged in
2020-07-27 17:55:44,257 ERROR com.vyntra.vyntrau.controller.CustomErrorController [http-nio-8080-exec-3] Page Not Found 404
2020-07-27 17:56:14,468 INFO org.springframework.boot.StartupInfoLogger [restartedMain] Starting VyntrauApplication on SURAJ-PANDEY with PID 16916 (C:\Users\SURAJ\Desktop\front\vyntrau\target\classes started by SURAJ in C:\Users\SURAJ\Desktop\front\vyntrau)
2020-07-27 17:56:14,468 DEBUG org.springframework.boot.StartupInfoLogger [restartedMain] Running with Spring Boot v2.3.1.RELEASE, Spring v5.2.7.RELEASE
2020-07-27 17:56:14,468 INFO org.springframework.boot.SpringApplication [restartedMain] No active profile set, falling back to default profiles: default
2020-07-27 17:56:15,680 INFO org.springframework.boot.StartupInfoLogger [restartedMain] Started VyntrauApplication in 1.256 seconds (JVM running for 38138.829)
2020-07-27 18:18:15,481 ERROR com.vyntra.vyntrau.controller.CustomErrorController [http-nio-8080-exec-2] server error 500
2020-07-27 18:59:15,616 ERROR com.vyntra.vyntrau.controller.CustomErrorController [http-nio-8080-exec-10] Access Not Granted 403
2020-07-27 18:59:28,473 INFO com.vyntra.vyntrau.controller.VyntraUserController [http-nio-8080-exec-9] ADMIN su is logged in
2020-07-27 19:25:39,725 INFO org.springframework.boot.StartupInfoLogger [restartedMain] Starting VyntrauApplication on SURAJ-PANDEY with PID 16916 (C:\Users\SURAJ\Desktop\front\vyntrau\target\classes started by SURAJ in C:\Users\SURAJ\Desktop\front\vyntrau)
2020-07-27 19:25:39,726 DEBUG org.springframework.boot.StartupInfoLogger [restartedMain] Running with Spring Boot v2.3.1.RELEASE, Spring v5.2.7.RELEASE
2020-07-27 19:25:39,726 INFO org.springframework.boot.SpringApplication [restartedMain] No active profile set, falling back to default profiles: default
2020-07-27 19:25:41,217 INFO org.springframework.boot.StartupInfoLogger [restartedMain] Started VyntrauApplication in 1.528 seconds (JVM running for 43504.366)
2020-07-27 19:26:46,214 INFO org.springframework.boot.StartupInfoLogger [restartedMain] Starting VyntrauApplication on SURAJ-PANDEY with PID 16916 (C:\Users\SURAJ\Desktop\front\vyntrau\target\classes started by SURAJ in C:\Users\SURAJ\Desktop\front\vyntrau)
2020-07-27 19:26:46,215 DEBUG org.springframework.boot.StartupInfoLogger [restartedMain] Running with Spring Boot v2.3.1.RELEASE, Spring v5.2.7.RELEASE
2020-07-27 19:26:46,215 INFO org.springframework.boot.SpringApplication [restartedMain] No active profile set, falling back to default profiles: default
2020-07-27 19:26:47,504 INFO org.springframework.boot.StartupInfoLogger [restartedMain] Started VyntrauApplication in 1.328 seconds (JVM running for 43570.654)
2020-07-27 19:28:16,158 INFO com.vyntra.vyntrau.controller.VyntraUserController [http-nio-8080-exec-5] USER asd is logged in
