2020-07-23 07:03:59,594 INFO org.springframework.boot.StartupInfoLogger [restartedMain] Starting VyntrauApplication on SURAJ-PANDEY with PID 9288 (C:\Users\SURAJ\Desktop\front\vyntrau\target\classes started by SURAJ in C:\Users\SURAJ\Desktop\front\vyntrau)
2020-07-23 07:03:59,601 DEBUG org.springframework.boot.StartupInfoLogger [restartedMain] Running with Spring Boot v2.3.1.RELEASE, Spring v5.2.7.RELEASE
2020-07-23 07:03:59,602 INFO org.springframework.boot.SpringApplication [restartedMain] No active profile set, falling back to default profiles: default
2020-07-23 07:04:09,876 INFO org.springframework.boot.StartupInfoLogger [restartedMain] Started VyntrauApplication in 11.054 seconds (JVM running for 11.97)
2020-07-23 07:06:09,223 INFO org.springframework.boot.StartupInfoLogger [restartedMain] Starting VyntrauApplication on SURAJ-PANDEY with PID 17692 (C:\Users\SURAJ\Desktop\front\vyntrau\target\classes started by SURAJ in C:\Users\SURAJ\Desktop\front\vyntrau)
2020-07-23 07:06:09,227 DEBUG org.springframework.boot.StartupInfoLogger [restartedMain] Running with Spring Boot v2.3.1.RELEASE, Spring v5.2.7.RELEASE
2020-07-23 07:06:09,228 INFO org.springframework.boot.SpringApplication [restartedMain] No active profile set, falling back to default profiles: default
2020-07-23 07:06:19,863 INFO org.springframework.boot.StartupInfoLogger [restartedMain] Started VyntrauApplication in 11.62 seconds (JVM running for 13.092)
2020-07-23 07:19:03,492 INFO org.springframework.boot.StartupInfoLogger [restartedMain] Starting VyntrauApplication on SURAJ-PANDEY with PID 17692 (C:\Users\SURAJ\Desktop\front\vyntrau\target\classes started by SURAJ in C:\Users\SURAJ\Desktop\front\vyntrau)
2020-07-23 07:19:03,492 DEBUG org.springframework.boot.StartupInfoLogger [restartedMain] Running with Spring Boot v2.3.1.RELEASE, Spring v5.2.7.RELEASE
2020-07-23 07:19:03,493 INFO org.springframework.boot.SpringApplication [restartedMain] No active profile set, falling back to default profiles: default
2020-07-23 07:19:05,559 INFO org.springframework.boot.StartupInfoLogger [restartedMain] Started VyntrauApplication in 2.132 seconds (JVM running for 778.788)
2020-07-23 07:31:56,356 INFO org.springframework.boot.StartupInfoLogger [restartedMain] Starting VyntrauApplication on SURAJ-PANDEY with PID 16484 (C:\Users\SURAJ\Desktop\front\vyntrau\target\classes started by SURAJ in C:\Users\SURAJ\Desktop\front\vyntrau)
2020-07-23 07:31:56,360 DEBUG org.springframework.boot.StartupInfoLogger [restartedMain] Running with Spring Boot v2.3.1.RELEASE, Spring v5.2.7.RELEASE
2020-07-23 07:31:56,361 INFO org.springframework.boot.SpringApplication [restartedMain] No active profile set, falling back to default profiles: default
2020-07-23 07:32:05,167 INFO org.springframework.boot.StartupInfoLogger [restartedMain] Started VyntrauApplication in 9.502 seconds (JVM running for 10.303)
2020-07-23 07:33:28,862 INFO org.springframework.boot.StartupInfoLogger [restartedMain] Starting VyntrauApplication on SURAJ-PANDEY with PID 16484 (C:\Users\SURAJ\Desktop\front\vyntrau\target\classes started by SURAJ in C:\Users\SURAJ\Desktop\front\vyntrau)
2020-07-23 07:33:28,864 DEBUG org.springframework.boot.StartupInfoLogger [restartedMain] Running with Spring Boot v2.3.1.RELEASE, Spring v5.2.7.RELEASE
2020-07-23 07:33:28,864 INFO org.springframework.boot.SpringApplication [restartedMain] No active profile set, falling back to default profiles: default
2020-07-23 07:33:31,144 INFO org.springframework.boot.StartupInfoLogger [restartedMain] Started VyntrauApplication in 2.352 seconds (JVM running for 96.281)
2020-07-23 07:36:32,963 INFO org.springframework.boot.StartupInfoLogger [restartedMain] Starting VyntrauApplication on SURAJ-PANDEY with PID 16484 (C:\Users\SURAJ\Desktop\front\vyntrau\target\classes started by SURAJ in C:\Users\SURAJ\Desktop\front\vyntrau)
2020-07-23 07:36:32,964 DEBUG org.springframework.boot.StartupInfoLogger [restartedMain] Running with Spring Boot v2.3.1.RELEASE, Spring v5.2.7.RELEASE
2020-07-23 07:36:32,965 INFO org.springframework.boot.SpringApplication [restartedMain] No active profile set, falling back to default profiles: default
2020-07-23 07:36:34,758 INFO org.springframework.boot.StartupInfoLogger [restartedMain] Started VyntrauApplication in 1.858 seconds (JVM running for 279.894)
2020-07-23 07:39:24,589 INFO org.springframework.boot.StartupInfoLogger [restartedMain] Starting VyntrauApplication on SURAJ-PANDEY with PID 16484 (C:\Users\SURAJ\Desktop\front\vyntrau\target\classes started by SURAJ in C:\Users\SURAJ\Desktop\front\vyntrau)
2020-07-23 07:39:24,590 DEBUG org.springframework.boot.StartupInfoLogger [restartedMain] Running with Spring Boot v2.3.1.RELEASE, Spring v5.2.7.RELEASE
2020-07-23 07:39:24,591 INFO org.springframework.boot.SpringApplication [restartedMain] No active profile set, falling back to default profiles: default
2020-07-23 07:39:26,046 INFO org.springframework.boot.StartupInfoLogger [restartedMain] Started VyntrauApplication in 1.506 seconds (JVM running for 451.183)
2020-07-23 07:53:19,775 INFO org.springframework.boot.StartupInfoLogger [restartedMain] Starting VyntrauApplication on SURAJ-PANDEY with PID 13172 (C:\Users\SURAJ\Desktop\front\vyntrau\target\classes started by SURAJ in C:\Users\SURAJ\Desktop\front\vyntrau)
2020-07-23 07:53:19,779 DEBUG org.springframework.boot.StartupInfoLogger [restartedMain] Running with Spring Boot v2.3.1.RELEASE, Spring v5.2.7.RELEASE
2020-07-23 07:53:19,780 INFO org.springframework.boot.SpringApplication [restartedMain] No active profile set, falling back to default profiles: default
2020-07-23 07:53:28,063 INFO org.springframework.boot.StartupInfoLogger [restartedMain] Started VyntrauApplication in 8.965 seconds (JVM running for 9.746)
2020-07-23 08:15:41,227 INFO org.springframework.boot.StartupInfoLogger [restartedMain] Starting VyntrauApplication on SURAJ-PANDEY with PID 10980 (C:\Users\SURAJ\Desktop\front\vyntrau\target\classes started by SURAJ in C:\Users\SURAJ\Desktop\front\vyntrau)
2020-07-23 08:15:41,231 DEBUG org.springframework.boot.StartupInfoLogger [restartedMain] Running with Spring Boot v2.3.1.RELEASE, Spring v5.2.7.RELEASE
2020-07-23 08:15:41,233 INFO org.springframework.boot.SpringApplication [restartedMain] No active profile set, falling back to default profiles: default
2020-07-23 08:15:52,677 INFO org.springframework.boot.StartupInfoLogger [restartedMain] Started VyntrauApplication in 12.113 seconds (JVM running for 12.908)
2020-07-23 08:17:19,439 INFO com.vyntra.vyntrau.controller.Vyntrausercontroller [http-nio-8080-exec-7] Successfully registered
2020-07-23 08:19:54,466 INFO com.vyntra.vyntrau.controller.Vyntrausercontroller [http-nio-8080-exec-2] Successfully registered
2020-07-23 08:25:02,352 INFO org.springframework.boot.StartupInfoLogger [restartedMain] Starting VyntrauApplication on SURAJ-PANDEY with PID 10980 (C:\Users\SURAJ\Desktop\front\vyntrau\target\classes started by SURAJ in C:\Users\SURAJ\Desktop\front\vyntrau)
2020-07-23 08:25:02,353 DEBUG org.springframework.boot.StartupInfoLogger [restartedMain] Running with Spring Boot v2.3.1.RELEASE, Spring v5.2.7.RELEASE
2020-07-23 08:25:02,354 INFO org.springframework.boot.SpringApplication [restartedMain] No active profile set, falling back to default profiles: default
2020-07-23 08:25:05,306 INFO org.springframework.boot.StartupInfoLogger [restartedMain] Started VyntrauApplication in 3.075 seconds (JVM running for 565.536)
2020-07-23 08:26:06,818 INFO com.vyntra.vyntrau.controller.Vyntrausercontroller [http-nio-8080-exec-2] Successfully registered
2020-07-23 08:29:22,370 INFO org.springframework.boot.StartupInfoLogger [restartedMain] Starting VyntrauApplication on SURAJ-PANDEY with PID 10980 (C:\Users\SURAJ\Desktop\front\vyntrau\target\classes started by SURAJ in C:\Users\SURAJ\Desktop\front\vyntrau)
2020-07-23 08:29:22,371 DEBUG org.springframework.boot.StartupInfoLogger [restartedMain] Running with Spring Boot v2.3.1.RELEASE, Spring v5.2.7.RELEASE
2020-07-23 08:29:22,371 INFO org.springframework.boot.SpringApplication [restartedMain] No active profile set, falling back to default profiles: default
2020-07-23 08:30:03,510 INFO org.springframework.boot.StartupInfoLogger [restartedMain] Starting VyntrauApplication on SURAJ-PANDEY with PID 6384 (C:\Users\SURAJ\Desktop\front\vyntrau\target\classes started by SURAJ in C:\Users\SURAJ\Desktop\front\vyntrau)
2020-07-23 08:30:03,515 DEBUG org.springframework.boot.StartupInfoLogger [restartedMain] Running with Spring Boot v2.3.1.RELEASE, Spring v5.2.7.RELEASE
2020-07-23 08:30:03,516 INFO org.springframework.boot.SpringApplication [restartedMain] No active profile set, falling back to default profiles: default
2020-07-23 08:30:17,019 INFO org.springframework.boot.StartupInfoLogger [restartedMain] Started VyntrauApplication in 14.2 seconds (JVM running for 14.959)
2020-07-23 08:31:12,321 INFO com.vyntra.vyntrau.controller.Vyntrausercontroller [http-nio-8080-exec-4] Successfully registered
2020-07-23 08:31:12,378 ERROR com.vyntra.vyntrau.controller.CustomErrorController [http-nio-8080-exec-5] server error
2020-07-23 08:31:12,954 ERROR com.vyntra.vyntrau.controller.CustomErrorController [http-nio-8080-exec-7] server error
2020-07-23 08:32:39,757 INFO org.springframework.boot.StartupInfoLogger [restartedMain] Starting VyntrauApplication on SURAJ-PANDEY with PID 6384 (C:\Users\SURAJ\Desktop\front\vyntrau\target\classes started by SURAJ in C:\Users\SURAJ\Desktop\front\vyntrau)
2020-07-23 08:32:39,758 DEBUG org.springframework.boot.StartupInfoLogger [restartedMain] Running with Spring Boot v2.3.1.RELEASE, Spring v5.2.7.RELEASE
2020-07-23 08:32:39,759 INFO org.springframework.boot.SpringApplication [restartedMain] No active profile set, falling back to default profiles: default
2020-07-23 08:32:41,860 INFO org.springframework.boot.StartupInfoLogger [restartedMain] Started VyntrauApplication in 2.227 seconds (JVM running for 159.8)
2020-07-23 08:34:02,282 INFO com.vyntra.vyntrau.controller.Vyntrausercontroller [http-nio-8080-exec-2] Successfully registered
2020-07-23 08:34:02,360 ERROR com.vyntra.vyntrau.controller.CustomErrorController [http-nio-8080-exec-3] server error
2020-07-23 08:34:02,724 ERROR com.vyntra.vyntrau.controller.CustomErrorController [http-nio-8080-exec-5] server error
2020-07-23 08:35:58,738 INFO org.springframework.boot.StartupInfoLogger [restartedMain] Starting VyntrauApplication on SURAJ-PANDEY with PID 6772 (C:\Users\SURAJ\Desktop\front\vyntrau\target\classes started by SURAJ in C:\Users\SURAJ\Desktop\front\vyntrau)
2020-07-23 08:35:58,744 DEBUG org.springframework.boot.StartupInfoLogger [restartedMain] Running with Spring Boot v2.3.1.RELEASE, Spring v5.2.7.RELEASE
2020-07-23 08:35:58,745 INFO org.springframework.boot.SpringApplication [restartedMain] No active profile set, falling back to default profiles: default
2020-07-23 08:36:08,334 INFO org.springframework.boot.StartupInfoLogger [restartedMain] Started VyntrauApplication in 10.335 seconds (JVM running for 11.149)
2020-07-23 08:37:15,503 INFO com.vyntra.vyntrau.controller.Vyntrausercontroller [http-nio-8080-exec-2] Successfully registered
2020-07-23 08:39:09,979 INFO org.springframework.boot.StartupInfoLogger [restartedMain] Starting VyntrauApplication on SURAJ-PANDEY with PID 1420 (C:\Users\SURAJ\Desktop\front\vyntrau\target\classes started by SURAJ in C:\Users\SURAJ\Desktop\front\vyntrau)
2020-07-23 08:39:09,986 DEBUG org.springframework.boot.StartupInfoLogger [restartedMain] Running with Spring Boot v2.3.1.RELEASE, Spring v5.2.7.RELEASE
2020-07-23 08:39:09,987 INFO org.springframework.boot.SpringApplication [restartedMain] No active profile set, falling back to default profiles: default
2020-07-23 08:39:19,831 INFO org.springframework.boot.StartupInfoLogger [restartedMain] Started VyntrauApplication in 10.913 seconds (JVM running for 12.258)
2020-07-23 08:42:27,217 INFO org.springframework.boot.StartupInfoLogger [restartedMain] Starting VyntrauApplication on SURAJ-PANDEY with PID 6960 (C:\Users\SURAJ\Desktop\front\vyntrau\target\classes started by SURAJ in C:\Users\SURAJ\Desktop\front\vyntrau)
2020-07-23 08:42:27,220 DEBUG org.springframework.boot.StartupInfoLogger [restartedMain] Running with Spring Boot v2.3.1.RELEASE, Spring v5.2.7.RELEASE
2020-07-23 08:42:27,221 INFO org.springframework.boot.SpringApplication [restartedMain] No active profile set, falling back to default profiles: default
2020-07-23 08:42:36,149 INFO org.springframework.boot.StartupInfoLogger [restartedMain] Started VyntrauApplication in 9.619 seconds (JVM running for 10.345)
2020-07-23 09:24:29,266 INFO org.springframework.boot.StartupInfoLogger [restartedMain] Starting VyntrauApplication on SURAJ-PANDEY with PID 6960 (C:\Users\SURAJ\Desktop\front\vyntrau\target\classes started by SURAJ in C:\Users\SURAJ\Desktop\front\vyntrau)
2020-07-23 09:24:29,267 DEBUG org.springframework.boot.StartupInfoLogger [restartedMain] Running with Spring Boot v2.3.1.RELEASE, Spring v5.2.7.RELEASE
2020-07-23 09:24:29,267 INFO org.springframework.boot.SpringApplication [restartedMain] No active profile set, falling back to default profiles: default
2020-07-23 09:24:31,955 INFO org.springframework.boot.StartupInfoLogger [restartedMain] Started VyntrauApplication in 2.84 seconds (JVM running for 2526.151)
2020-07-23 09:25:11,439 INFO com.vyntra.vyntrau.controller.Vyntrausercontroller [http-nio-8080-exec-4] Successfully registered
2020-07-23 09:29:54,466 INFO org.springframework.boot.StartupInfoLogger [restartedMain] Starting VyntrauApplication on SURAJ-PANDEY with PID 6960 (C:\Users\SURAJ\Desktop\front\vyntrau\target\classes started by SURAJ in C:\Users\SURAJ\Desktop\front\vyntrau)
2020-07-23 09:29:54,467 DEBUG org.springframework.boot.StartupInfoLogger [restartedMain] Running with Spring Boot v2.3.1.RELEASE, Spring v5.2.7.RELEASE
2020-07-23 09:29:54,468 INFO org.springframework.boot.SpringApplication [restartedMain] No active profile set, falling back to default profiles: default
2020-07-23 09:29:57,773 INFO org.springframework.boot.StartupInfoLogger [restartedMain] Started VyntrauApplication in 3.406 seconds (JVM running for 2851.969)
2020-07-23 09:31:00,791 INFO com.vyntra.vyntrau.controller.Vyntrausercontroller [http-nio-8080-exec-8] Successfully registered
2020-07-23 10:59:06,163 INFO org.springframework.boot.StartupInfoLogger [restartedMain] Starting VyntrauApplication on SURAJ-PANDEY with PID 6960 (C:\Users\SURAJ\Desktop\front\vyntrau\target\classes started by SURAJ in C:\Users\SURAJ\Desktop\front\vyntrau)
2020-07-23 10:59:06,164 DEBUG org.springframework.boot.StartupInfoLogger [restartedMain] Running with Spring Boot v2.3.1.RELEASE, Spring v5.2.7.RELEASE
2020-07-23 10:59:06,165 INFO org.springframework.boot.SpringApplication [restartedMain] No active profile set, falling back to default profiles: default
2020-07-23 10:59:10,868 INFO org.springframework.boot.StartupInfoLogger [restartedMain] Started VyntrauApplication in 4.899 seconds (JVM running for 8205.066)
2020-07-23 11:01:09,176 INFO org.springframework.boot.StartupInfoLogger [restartedMain] Starting VyntrauApplication on SURAJ-PANDEY with PID 14956 (C:\Users\SURAJ\Desktop\front\vyntrau\target\classes started by SURAJ in C:\Users\SURAJ\Desktop\front\vyntrau)
2020-07-23 11:01:09,184 DEBUG org.springframework.boot.StartupInfoLogger [restartedMain] Running with Spring Boot v2.3.1.RELEASE, Spring v5.2.7.RELEASE
2020-07-23 11:01:09,187 INFO org.springframework.boot.SpringApplication [restartedMain] No active profile set, falling back to default profiles: default
2020-07-23 11:01:21,438 INFO org.springframework.boot.StartupInfoLogger [restartedMain] Started VyntrauApplication in 13.44 seconds (JVM running for 17.616)
2020-07-23 11:02:13,840 INFO com.vyntra.vyntrau.controller.Vyntrausercontroller [http-nio-8080-exec-7] Successfully registered
2020-07-23 11:02:56,447 INFO org.springframework.boot.StartupInfoLogger [restartedMain] Starting VyntrauApplication on SURAJ-PANDEY with PID 14956 (C:\Users\SURAJ\Desktop\front\vyntrau\target\classes started by SURAJ in C:\Users\SURAJ\Desktop\front\vyntrau)
2020-07-23 11:02:56,448 DEBUG org.springframework.boot.StartupInfoLogger [restartedMain] Running with Spring Boot v2.3.1.RELEASE, Spring v5.2.7.RELEASE
2020-07-23 11:02:56,449 INFO org.springframework.boot.SpringApplication [restartedMain] No active profile set, falling back to default profiles: default
2020-07-23 11:03:01,001 INFO org.springframework.boot.StartupInfoLogger [restartedMain] Started VyntrauApplication in 4.709 seconds (JVM running for 117.178)
2020-07-23 11:14:40,921 INFO org.springframework.boot.StartupInfoLogger [restartedMain] Starting VyntrauApplication on SURAJ-PANDEY with PID 14956 (C:\Users\SURAJ\Desktop\front\vyntrau\target\classes started by SURAJ in C:\Users\SURAJ\Desktop\front\vyntrau)
2020-07-23 11:14:40,928 DEBUG org.springframework.boot.StartupInfoLogger [restartedMain] Running with Spring Boot v2.3.1.RELEASE, Spring v5.2.7.RELEASE
2020-07-23 11:14:40,929 INFO org.springframework.boot.SpringApplication [restartedMain] No active profile set, falling back to default profiles: default
2020-07-23 11:14:44,516 INFO org.springframework.boot.StartupInfoLogger [restartedMain] Started VyntrauApplication in 3.775 seconds (JVM running for 820.693)
2020-07-23 11:15:21,376 INFO org.springframework.boot.StartupInfoLogger [restartedMain] Starting VyntrauApplication on SURAJ-PANDEY with PID 14956 (C:\Users\SURAJ\Desktop\front\vyntrau\target\classes started by SURAJ in C:\Users\SURAJ\Desktop\front\vyntrau)
2020-07-23 11:15:21,376 DEBUG org.springframework.boot.StartupInfoLogger [restartedMain] Running with Spring Boot v2.3.1.RELEASE, Spring v5.2.7.RELEASE
2020-07-23 11:15:21,376 INFO org.springframework.boot.SpringApplication [restartedMain] No active profile set, falling back to default profiles: default
2020-07-23 11:15:22,977 INFO org.springframework.boot.StartupInfoLogger [restartedMain] Started VyntrauApplication in 1.64 seconds (JVM running for 859.155)
2020-07-23 11:15:29,483 INFO com.vyntra.vyntrau.controller.Vyntrausercontroller [http-nio-8080-exec-2] Successfully registered
2020-07-23 11:21:42,645 INFO org.springframework.boot.StartupInfoLogger [restartedMain] Starting VyntrauApplication on SURAJ-PANDEY with PID 14956 (C:\Users\SURAJ\Desktop\front\vyntrau\target\classes started by SURAJ in C:\Users\SURAJ\Desktop\front\vyntrau)
2020-07-23 11:21:42,646 DEBUG org.springframework.boot.StartupInfoLogger [restartedMain] Running with Spring Boot v2.3.1.RELEASE, Spring v5.2.7.RELEASE
2020-07-23 11:21:42,646 INFO org.springframework.boot.SpringApplication [restartedMain] No active profile set, falling back to default profiles: default
2020-07-23 11:21:45,330 INFO org.springframework.boot.StartupInfoLogger [restartedMain] Started VyntrauApplication in 2.718 seconds (JVM running for 1241.508)
2020-07-23 11:22:50,791 INFO org.springframework.boot.StartupInfoLogger [restartedMain] Starting VyntrauApplication on SURAJ-PANDEY with PID 14956 (C:\Users\SURAJ\Desktop\front\vyntrau\target\classes started by SURAJ in C:\Users\SURAJ\Desktop\front\vyntrau)
2020-07-23 11:22:50,792 DEBUG org.springframework.boot.StartupInfoLogger [restartedMain] Running with Spring Boot v2.3.1.RELEASE, Spring v5.2.7.RELEASE
2020-07-23 11:22:50,792 INFO org.springframework.boot.SpringApplication [restartedMain] No active profile set, falling back to default profiles: default
2020-07-23 11:22:53,538 INFO org.springframework.boot.StartupInfoLogger [restartedMain] Started VyntrauApplication in 2.84 seconds (JVM running for 1309.715)
2020-07-23 11:24:40,909 INFO org.springframework.boot.StartupInfoLogger [restartedMain] Starting VyntrauApplication on SURAJ-PANDEY with PID 14956 (C:\Users\SURAJ\Desktop\front\vyntrau\target\classes started by SURAJ in C:\Users\SURAJ\Desktop\front\vyntrau)
2020-07-23 11:24:40,909 DEBUG org.springframework.boot.StartupInfoLogger [restartedMain] Running with Spring Boot v2.3.1.RELEASE, Spring v5.2.7.RELEASE
2020-07-23 11:24:40,910 INFO org.springframework.boot.SpringApplication [restartedMain] No active profile set, falling back to default profiles: default
2020-07-23 11:24:42,257 INFO org.springframework.boot.StartupInfoLogger [restartedMain] Started VyntrauApplication in 1.378 seconds (JVM running for 1418.434)
2020-07-23 11:24:50,271 INFO com.vyntra.vyntrau.controller.Vyntrausercontroller [http-nio-8080-exec-1] Successfully registered
2020-07-23 11:26:43,658 INFO org.springframework.boot.StartupInfoLogger [restartedMain] Starting VyntrauApplication on SURAJ-PANDEY with PID 14956 (C:\Users\SURAJ\Desktop\front\vyntrau\target\classes started by SURAJ in C:\Users\SURAJ\Desktop\front\vyntrau)
2020-07-23 11:26:43,659 DEBUG org.springframework.boot.StartupInfoLogger [restartedMain] Running with Spring Boot v2.3.1.RELEASE, Spring v5.2.7.RELEASE
2020-07-23 11:26:43,659 INFO org.springframework.boot.SpringApplication [restartedMain] No active profile set, falling back to default profiles: default
2020-07-23 11:26:46,598 INFO org.springframework.boot.StartupInfoLogger [restartedMain] Started VyntrauApplication in 2.991 seconds (JVM running for 1542.776)
2020-07-23 11:27:34,349 INFO org.springframework.boot.StartupInfoLogger [restartedMain] Starting VyntrauApplication on SURAJ-PANDEY with PID 14956 (C:\Users\SURAJ\Desktop\front\vyntrau\target\classes started by SURAJ in C:\Users\SURAJ\Desktop\front\vyntrau)
2020-07-23 11:27:34,350 DEBUG org.springframework.boot.StartupInfoLogger [restartedMain] Running with Spring Boot v2.3.1.RELEASE, Spring v5.2.7.RELEASE
2020-07-23 11:27:34,351 INFO org.springframework.boot.SpringApplication [restartedMain] No active profile set, falling back to default profiles: default
2020-07-23 11:27:36,704 INFO org.springframework.boot.StartupInfoLogger [restartedMain] Started VyntrauApplication in 2.404 seconds (JVM running for 1592.882)
2020-07-23 11:28:02,579 INFO org.springframework.boot.StartupInfoLogger [restartedMain] Starting VyntrauApplication on SURAJ-PANDEY with PID 14956 (C:\Users\SURAJ\Desktop\front\vyntrau\target\classes started by SURAJ in C:\Users\SURAJ\Desktop\front\vyntrau)
2020-07-23 11:28:02,579 DEBUG org.springframework.boot.StartupInfoLogger [restartedMain] Running with Spring Boot v2.3.1.RELEASE, Spring v5.2.7.RELEASE
2020-07-23 11:28:02,579 INFO org.springframework.boot.SpringApplication [restartedMain] No active profile set, falling back to default profiles: default
2020-07-23 11:28:04,582 INFO org.springframework.boot.StartupInfoLogger [restartedMain] Started VyntrauApplication in 2.058 seconds (JVM running for 1620.759)
2020-07-23 11:29:36,226 INFO org.springframework.boot.StartupInfoLogger [restartedMain] Starting VyntrauApplication on SURAJ-PANDEY with PID 14956 (C:\Users\SURAJ\Desktop\front\vyntrau\target\classes started by SURAJ in C:\Users\SURAJ\Desktop\front\vyntrau)
2020-07-23 11:29:36,227 DEBUG org.springframework.boot.StartupInfoLogger [restartedMain] Running with Spring Boot v2.3.1.RELEASE, Spring v5.2.7.RELEASE
2020-07-23 11:29:36,228 INFO org.springframework.boot.SpringApplication [restartedMain] No active profile set, falling back to default profiles: default
2020-07-23 11:29:38,759 INFO org.springframework.boot.StartupInfoLogger [restartedMain] Started VyntrauApplication in 2.58 seconds (JVM running for 1714.937)
2020-07-23 11:31:33,591 INFO org.springframework.boot.StartupInfoLogger [restartedMain] Starting VyntrauApplication on SURAJ-PANDEY with PID 14956 (C:\Users\SURAJ\Desktop\front\vyntrau\target\classes started by SURAJ in C:\Users\SURAJ\Desktop\front\vyntrau)
2020-07-23 11:31:33,592 DEBUG org.springframework.boot.StartupInfoLogger [restartedMain] Running with Spring Boot v2.3.1.RELEASE, Spring v5.2.7.RELEASE
2020-07-23 11:31:33,592 INFO org.springframework.boot.SpringApplication [restartedMain] No active profile set, falling back to default profiles: default
2020-07-23 11:31:35,633 INFO org.springframework.boot.StartupInfoLogger [restartedMain] Started VyntrauApplication in 2.085 seconds (JVM running for 1831.81)
2020-07-23 11:34:16,895 INFO org.springframework.boot.StartupInfoLogger [restartedMain] Starting VyntrauApplication on SURAJ-PANDEY with PID 14956 (C:\Users\SURAJ\Desktop\front\vyntrau\target\classes started by SURAJ in C:\Users\SURAJ\Desktop\front\vyntrau)
2020-07-23 11:34:16,895 DEBUG org.springframework.boot.StartupInfoLogger [restartedMain] Running with Spring Boot v2.3.1.RELEASE, Spring v5.2.7.RELEASE
2020-07-23 11:34:16,895 INFO org.springframework.boot.SpringApplication [restartedMain] No active profile set, falling back to default profiles: default
2020-07-23 11:34:18,418 INFO org.springframework.boot.StartupInfoLogger [restartedMain] Started VyntrauApplication in 1.549 seconds (JVM running for 1994.595)
2020-07-23 11:36:40,966 INFO org.springframework.boot.StartupInfoLogger [restartedMain] Starting VyntrauApplication on SURAJ-PANDEY with PID 14956 (C:\Users\SURAJ\Desktop\front\vyntrau\target\classes started by SURAJ in C:\Users\SURAJ\Desktop\front\vyntrau)
2020-07-23 11:36:40,966 DEBUG org.springframework.boot.StartupInfoLogger [restartedMain] Running with Spring Boot v2.3.1.RELEASE, Spring v5.2.7.RELEASE
2020-07-23 11:36:40,966 INFO org.springframework.boot.SpringApplication [restartedMain] No active profile set, falling back to default profiles: default
2020-07-23 11:36:42,384 INFO org.springframework.boot.StartupInfoLogger [restartedMain] Started VyntrauApplication in 1.452 seconds (JVM running for 2138.561)
2020-07-23 11:37:11,125 INFO org.springframework.boot.StartupInfoLogger [restartedMain] Starting VyntrauApplication on SURAJ-PANDEY with PID 16392 (C:\Users\SURAJ\Desktop\front\vyntrau\target\classes started by SURAJ in C:\Users\SURAJ\Desktop\front\vyntrau)
2020-07-23 11:37:11,130 DEBUG org.springframework.boot.StartupInfoLogger [restartedMain] Running with Spring Boot v2.3.1.RELEASE, Spring v5.2.7.RELEASE
2020-07-23 11:37:11,131 INFO org.springframework.boot.SpringApplication [restartedMain] No active profile set, falling back to default profiles: default
2020-07-23 11:37:18,999 INFO org.springframework.boot.StartupInfoLogger [restartedMain] Started VyntrauApplication in 8.672 seconds (JVM running for 9.438)
2020-07-23 11:38:13,562 INFO org.springframework.boot.StartupInfoLogger [restartedMain] Starting VyntrauApplication on SURAJ-PANDEY with PID 16392 (C:\Users\SURAJ\Desktop\front\vyntrau\target\classes started by SURAJ in C:\Users\SURAJ\Desktop\front\vyntrau)
2020-07-23 11:38:13,563 DEBUG org.springframework.boot.StartupInfoLogger [restartedMain] Running with Spring Boot v2.3.1.RELEASE, Spring v5.2.7.RELEASE
2020-07-23 11:38:13,564 INFO org.springframework.boot.SpringApplication [restartedMain] No active profile set, falling back to default profiles: default
2020-07-23 11:38:15,403 INFO org.springframework.boot.StartupInfoLogger [restartedMain] Started VyntrauApplication in 1.9 seconds (JVM running for 65.842)
2020-07-23 11:38:56,610 INFO org.springframework.boot.StartupInfoLogger [restartedMain] Starting VyntrauApplication on SURAJ-PANDEY with PID 16392 (C:\Users\SURAJ\Desktop\front\vyntrau\target\classes started by SURAJ in C:\Users\SURAJ\Desktop\front\vyntrau)
2020-07-23 11:38:56,611 DEBUG org.springframework.boot.StartupInfoLogger [restartedMain] Running with Spring Boot v2.3.1.RELEASE, Spring v5.2.7.RELEASE
2020-07-23 11:38:56,612 INFO org.springframework.boot.SpringApplication [restartedMain] No active profile set, falling back to default profiles: default
2020-07-23 11:39:04,452 INFO org.springframework.boot.StartupInfoLogger [restartedMain] Starting VyntrauApplication on SURAJ-PANDEY with PID 16392 (C:\Users\SURAJ\Desktop\front\vyntrau\target\classes started by SURAJ in C:\Users\SURAJ\Desktop\front\vyntrau)
2020-07-23 11:39:04,452 DEBUG org.springframework.boot.StartupInfoLogger [restartedMain] Running with Spring Boot v2.3.1.RELEASE, Spring v5.2.7.RELEASE
2020-07-23 11:39:04,453 INFO org.springframework.boot.SpringApplication [restartedMain] No active profile set, falling back to default profiles: default
2020-07-23 11:39:06,119 INFO org.springframework.boot.StartupInfoLogger [restartedMain] Started VyntrauApplication in 1.737 seconds (JVM running for 116.558)
2020-07-23 11:39:21,463 INFO org.springframework.boot.StartupInfoLogger [restartedMain] Starting VyntrauApplication on SURAJ-PANDEY with PID 17556 (C:\Users\SURAJ\Desktop\front\vyntrau\target\classes started by SURAJ in C:\Users\SURAJ\Desktop\front\vyntrau)
2020-07-23 11:39:21,468 DEBUG org.springframework.boot.StartupInfoLogger [restartedMain] Running with Spring Boot v2.3.1.RELEASE, Spring v5.2.7.RELEASE
2020-07-23 11:39:21,469 INFO org.springframework.boot.SpringApplication [restartedMain] No active profile set, falling back to default profiles: default
2020-07-23 11:39:29,610 INFO org.springframework.boot.StartupInfoLogger [restartedMain] Started VyntrauApplication in 8.976 seconds (JVM running for 9.834)
2020-07-23 11:39:55,747 INFO org.springframework.boot.StartupInfoLogger [restartedMain] Starting VyntrauApplication on SURAJ-PANDEY with PID 17556 (C:\Users\SURAJ\Desktop\front\vyntrau\target\classes started by SURAJ in C:\Users\SURAJ\Desktop\front\vyntrau)
2020-07-23 11:39:55,748 DEBUG org.springframework.boot.StartupInfoLogger [restartedMain] Running with Spring Boot v2.3.1.RELEASE, Spring v5.2.7.RELEASE
2020-07-23 11:39:55,749 INFO org.springframework.boot.SpringApplication [restartedMain] No active profile set, falling back to default profiles: default
2020-07-23 11:39:57,896 INFO org.springframework.boot.StartupInfoLogger [restartedMain] Started VyntrauApplication in 2.29 seconds (JVM running for 38.12)
2020-07-23 11:40:14,093 INFO org.springframework.boot.StartupInfoLogger [restartedMain] Starting VyntrauApplication on SURAJ-PANDEY with PID 14268 (C:\Users\SURAJ\Desktop\front\vyntrau\target\classes started by SURAJ in C:\Users\SURAJ\Desktop\front\vyntrau)
2020-07-23 11:40:14,098 DEBUG org.springframework.boot.StartupInfoLogger [restartedMain] Running with Spring Boot v2.3.1.RELEASE, Spring v5.2.7.RELEASE
2020-07-23 11:40:14,098 INFO org.springframework.boot.SpringApplication [restartedMain] No active profile set, falling back to default profiles: default
2020-07-23 11:40:22,345 INFO org.springframework.boot.StartupInfoLogger [restartedMain] Started VyntrauApplication in 9.025 seconds (JVM running for 9.869)
2020-07-23 11:43:08,711 INFO org.springframework.boot.StartupInfoLogger [restartedMain] Starting VyntrauApplication on SURAJ-PANDEY with PID 14268 (C:\Users\SURAJ\Desktop\front\vyntrau\target\classes started by SURAJ in C:\Users\SURAJ\Desktop\front\vyntrau)
2020-07-23 11:43:08,711 DEBUG org.springframework.boot.StartupInfoLogger [restartedMain] Running with Spring Boot v2.3.1.RELEASE, Spring v5.2.7.RELEASE
2020-07-23 11:43:08,712 INFO org.springframework.boot.SpringApplication [restartedMain] No active profile set, falling back to default profiles: default
2020-07-23 11:43:11,069 INFO org.springframework.boot.StartupInfoLogger [restartedMain] Started VyntrauApplication in 2.42 seconds (JVM running for 178.593)
2020-07-23 11:43:43,509 INFO org.springframework.boot.StartupInfoLogger [restartedMain] Starting VyntrauApplication on SURAJ-PANDEY with PID 17092 (C:\Users\SURAJ\Desktop\front\vyntrau\target\classes started by SURAJ in C:\Users\SURAJ\Desktop\front\vyntrau)
2020-07-23 11:43:43,520 DEBUG org.springframework.boot.StartupInfoLogger [restartedMain] Running with Spring Boot v2.3.1.RELEASE, Spring v5.2.7.RELEASE
2020-07-23 11:43:43,521 INFO org.springframework.boot.SpringApplication [restartedMain] No active profile set, falling back to default profiles: default
2020-07-23 11:43:51,618 INFO org.springframework.boot.StartupInfoLogger [restartedMain] Started VyntrauApplication in 8.885 seconds (JVM running for 9.636)
2020-07-23 11:50:01,502 INFO org.springframework.boot.StartupInfoLogger [restartedMain] Starting VyntrauApplication on SURAJ-PANDEY with PID 17092 (C:\Users\SURAJ\Desktop\front\vyntrau\target\classes started by SURAJ in C:\Users\SURAJ\Desktop\front\vyntrau)
2020-07-23 11:50:01,502 DEBUG org.springframework.boot.StartupInfoLogger [restartedMain] Running with Spring Boot v2.3.1.RELEASE, Spring v5.2.7.RELEASE
2020-07-23 11:50:01,503 INFO org.springframework.boot.SpringApplication [restartedMain] No active profile set, falling back to default profiles: default
2020-07-23 11:50:03,843 INFO org.springframework.boot.StartupInfoLogger [restartedMain] Started VyntrauApplication in 2.422 seconds (JVM running for 381.863)
2020-07-23 11:53:30,624 INFO org.springframework.boot.StartupInfoLogger [restartedMain] Starting VyntrauApplication on SURAJ-PANDEY with PID 17092 (C:\Users\SURAJ\Desktop\front\vyntrau\target\classes started by SURAJ in C:\Users\SURAJ\Desktop\front\vyntrau)
2020-07-23 11:53:30,625 DEBUG org.springframework.boot.StartupInfoLogger [restartedMain] Running with Spring Boot v2.3.1.RELEASE, Spring v5.2.7.RELEASE
2020-07-23 11:53:30,625 INFO org.springframework.boot.SpringApplication [restartedMain] No active profile set, falling back to default profiles: default
2020-07-23 11:53:33,743 INFO org.springframework.boot.StartupInfoLogger [restartedMain] Started VyntrauApplication in 3.188 seconds (JVM running for 591.762)
2020-07-23 11:54:39,752 INFO org.springframework.boot.StartupInfoLogger [restartedMain] Starting VyntrauApplication on SURAJ-PANDEY with PID 17092 (C:\Users\SURAJ\Desktop\front\vyntrau\target\classes started by SURAJ in C:\Users\SURAJ\Desktop\front\vyntrau)
2020-07-23 11:54:39,753 DEBUG org.springframework.boot.StartupInfoLogger [restartedMain] Running with Spring Boot v2.3.1.RELEASE, Spring v5.2.7.RELEASE
2020-07-23 11:54:39,755 INFO org.springframework.boot.SpringApplication [restartedMain] No active profile set, falling back to default profiles: default
2020-07-23 11:54:42,239 INFO org.springframework.boot.StartupInfoLogger [restartedMain] Started VyntrauApplication in 2.544 seconds (JVM running for 660.258)
2020-07-23 11:55:53,455 INFO org.springframework.boot.StartupInfoLogger [restartedMain] Starting VyntrauApplication on SURAJ-PANDEY with PID 17092 (C:\Users\SURAJ\Desktop\front\vyntrau\target\classes started by SURAJ in C:\Users\SURAJ\Desktop\front\vyntrau)
2020-07-23 11:55:53,456 DEBUG org.springframework.boot.StartupInfoLogger [restartedMain] Running with Spring Boot v2.3.1.RELEASE, Spring v5.2.7.RELEASE
2020-07-23 11:55:53,456 INFO org.springframework.boot.SpringApplication [restartedMain] No active profile set, falling back to default profiles: default
2020-07-23 11:55:56,411 INFO org.springframework.boot.StartupInfoLogger [restartedMain] Started VyntrauApplication in 3.028 seconds (JVM running for 734.43)
2020-07-23 11:56:40,374 INFO org.springframework.boot.StartupInfoLogger [restartedMain] Starting VyntrauApplication on SURAJ-PANDEY with PID 17092 (C:\Users\SURAJ\Desktop\front\vyntrau\target\classes started by SURAJ in C:\Users\SURAJ\Desktop\front\vyntrau)
2020-07-23 11:56:40,375 DEBUG org.springframework.boot.StartupInfoLogger [restartedMain] Running with Spring Boot v2.3.1.RELEASE, Spring v5.2.7.RELEASE
2020-07-23 11:56:40,375 INFO org.springframework.boot.SpringApplication [restartedMain] No active profile set, falling back to default profiles: default
2020-07-23 11:56:41,887 INFO org.springframework.boot.StartupInfoLogger [restartedMain] Started VyntrauApplication in 1.564 seconds (JVM running for 779.906)
2020-07-23 11:58:32,839 INFO com.vyntra.vyntrau.controller.Vyntrausercontroller [http-nio-8080-exec-4] Successfully registered
2020-07-23 11:59:26,932 INFO org.springframework.boot.StartupInfoLogger [restartedMain] Starting VyntrauApplication on SURAJ-PANDEY with PID 17092 (C:\Users\SURAJ\Desktop\front\vyntrau\target\classes started by SURAJ in C:\Users\SURAJ\Desktop\front\vyntrau)
2020-07-23 11:59:26,933 DEBUG org.springframework.boot.StartupInfoLogger [restartedMain] Running with Spring Boot v2.3.1.RELEASE, Spring v5.2.7.RELEASE
2020-07-23 11:59:26,934 INFO org.springframework.boot.SpringApplication [restartedMain] No active profile set, falling back to default profiles: default
2020-07-23 11:59:29,420 INFO org.springframework.boot.StartupInfoLogger [restartedMain] Started VyntrauApplication in 2.537 seconds (JVM running for 947.439)
2020-07-23 12:05:51,636 INFO org.springframework.boot.StartupInfoLogger [restartedMain] Starting VyntrauApplication on SURAJ-PANDEY with PID 17092 (C:\Users\SURAJ\Desktop\front\vyntrau\target\classes started by SURAJ in C:\Users\SURAJ\Desktop\front\vyntrau)
2020-07-23 12:05:51,636 DEBUG org.springframework.boot.StartupInfoLogger [restartedMain] Running with Spring Boot v2.3.1.RELEASE, Spring v5.2.7.RELEASE
2020-07-23 12:05:51,637 INFO org.springframework.boot.SpringApplication [restartedMain] No active profile set, falling back to default profiles: default
2020-07-23 12:05:53,265 INFO org.springframework.boot.StartupInfoLogger [restartedMain] Started VyntrauApplication in 1.664 seconds (JVM running for 1331.285)
2020-07-23 12:07:27,151 INFO org.springframework.boot.StartupInfoLogger [restartedMain] Starting VyntrauApplication on SURAJ-PANDEY with PID 17092 (C:\Users\SURAJ\Desktop\front\vyntrau\target\classes started by SURAJ in C:\Users\SURAJ\Desktop\front\vyntrau)
2020-07-23 12:07:27,152 DEBUG org.springframework.boot.StartupInfoLogger [restartedMain] Running with Spring Boot v2.3.1.RELEASE, Spring v5.2.7.RELEASE
2020-07-23 12:07:27,153 INFO org.springframework.boot.SpringApplication [restartedMain] No active profile set, falling back to default profiles: default
2020-07-23 12:07:28,524 INFO org.springframework.boot.StartupInfoLogger [restartedMain] Started VyntrauApplication in 1.41 seconds (JVM running for 1426.542)
2020-07-23 12:08:54,136 INFO org.springframework.boot.StartupInfoLogger [restartedMain] Starting VyntrauApplication on SURAJ-PANDEY with PID 17092 (C:\Users\SURAJ\Desktop\front\vyntrau\target\classes started by SURAJ in C:\Users\SURAJ\Desktop\front\vyntrau)
2020-07-23 12:08:54,136 DEBUG org.springframework.boot.StartupInfoLogger [restartedMain] Running with Spring Boot v2.3.1.RELEASE, Spring v5.2.7.RELEASE
2020-07-23 12:08:54,137 INFO org.springframework.boot.SpringApplication [restartedMain] No active profile set, falling back to default profiles: default
2020-07-23 12:08:55,739 INFO org.springframework.boot.StartupInfoLogger [restartedMain] Started VyntrauApplication in 1.64 seconds (JVM running for 1513.757)
2020-07-23 12:09:17,794 INFO org.springframework.boot.StartupInfoLogger [restartedMain] Starting VyntrauApplication on SURAJ-PANDEY with PID 17092 (C:\Users\SURAJ\Desktop\front\vyntrau\target\classes started by SURAJ in C:\Users\SURAJ\Desktop\front\vyntrau)
2020-07-23 12:09:17,794 DEBUG org.springframework.boot.StartupInfoLogger [restartedMain] Running with Spring Boot v2.3.1.RELEASE, Spring v5.2.7.RELEASE
2020-07-23 12:09:17,794 INFO org.springframework.boot.SpringApplication [restartedMain] No active profile set, falling back to default profiles: default
2020-07-23 12:09:19,319 INFO org.springframework.boot.StartupInfoLogger [restartedMain] Started VyntrauApplication in 1.558 seconds (JVM running for 1537.338)
2020-07-23 12:11:16,763 INFO org.springframework.boot.StartupInfoLogger [restartedMain] Starting VyntrauApplication on SURAJ-PANDEY with PID 17092 (C:\Users\SURAJ\Desktop\front\vyntrau\target\classes started by SURAJ in C:\Users\SURAJ\Desktop\front\vyntrau)
2020-07-23 12:11:16,764 DEBUG org.springframework.boot.StartupInfoLogger [restartedMain] Running with Spring Boot v2.3.1.RELEASE, Spring v5.2.7.RELEASE
2020-07-23 12:11:16,764 INFO org.springframework.boot.SpringApplication [restartedMain] No active profile set, falling back to default profiles: default
2020-07-23 12:11:18,126 INFO org.springframework.boot.StartupInfoLogger [restartedMain] Started VyntrauApplication in 1.389 seconds (JVM running for 1656.145)
2020-07-23 12:13:07,868 INFO com.vyntra.vyntrau.controller.Vyntrausercontroller [http-nio-8080-exec-2] Successfully registered
2020-07-23 12:15:20,266 INFO org.springframework.boot.StartupInfoLogger [restartedMain] Starting VyntrauApplication on SURAJ-PANDEY with PID 17092 (C:\Users\SURAJ\Desktop\front\vyntrau\target\classes started by SURAJ in C:\Users\SURAJ\Desktop\front\vyntrau)
2020-07-23 12:15:20,266 DEBUG org.springframework.boot.StartupInfoLogger [restartedMain] Running with Spring Boot v2.3.1.RELEASE, Spring v5.2.7.RELEASE
2020-07-23 12:15:20,266 INFO org.springframework.boot.SpringApplication [restartedMain] No active profile set, falling back to default profiles: default
2020-07-23 12:15:21,575 INFO org.springframework.boot.StartupInfoLogger [restartedMain] Started VyntrauApplication in 1.336 seconds (JVM running for 1899.594)
2020-07-23 12:26:48,687 INFO org.springframework.boot.StartupInfoLogger [restartedMain] Starting VyntrauApplication on SURAJ-PANDEY with PID 17092 (C:\Users\SURAJ\Desktop\front\vyntrau\target\classes started by SURAJ in C:\Users\SURAJ\Desktop\front\vyntrau)
2020-07-23 12:26:48,687 DEBUG org.springframework.boot.StartupInfoLogger [restartedMain] Running with Spring Boot v2.3.1.RELEASE, Spring v5.2.7.RELEASE
2020-07-23 12:26:48,688 INFO org.springframework.boot.SpringApplication [restartedMain] No active profile set, falling back to default profiles: default
2020-07-23 12:26:49,981 INFO org.springframework.boot.StartupInfoLogger [restartedMain] Started VyntrauApplication in 1.329 seconds (JVM running for 2588.001)
2020-07-23 12:34:38,198 INFO org.springframework.boot.StartupInfoLogger [restartedMain] Starting VyntrauApplication on SURAJ-PANDEY with PID 17092 (C:\Users\SURAJ\Desktop\front\vyntrau\target\classes started by SURAJ in C:\Users\SURAJ\Desktop\front\vyntrau)
2020-07-23 12:34:38,198 DEBUG org.springframework.boot.StartupInfoLogger [restartedMain] Running with Spring Boot v2.3.1.RELEASE, Spring v5.2.7.RELEASE
2020-07-23 12:34:38,199 INFO org.springframework.boot.SpringApplication [restartedMain] No active profile set, falling back to default profiles: default
2020-07-23 12:34:40,132 INFO org.springframework.boot.StartupInfoLogger [restartedMain] Started VyntrauApplication in 1.976 seconds (JVM running for 3058.151)
2020-07-23 12:37:51,200 INFO org.springframework.boot.StartupInfoLogger [restartedMain] Starting VyntrauApplication on SURAJ-PANDEY with PID 17092 (C:\Users\SURAJ\Desktop\front\vyntrau\target\classes started by SURAJ in C:\Users\SURAJ\Desktop\front\vyntrau)
2020-07-23 12:37:51,201 DEBUG org.springframework.boot.StartupInfoLogger [restartedMain] Running with Spring Boot v2.3.1.RELEASE, Spring v5.2.7.RELEASE
2020-07-23 12:37:51,201 INFO org.springframework.boot.SpringApplication [restartedMain] No active profile set, falling back to default profiles: default
2020-07-23 12:37:52,423 INFO org.springframework.boot.StartupInfoLogger [restartedMain] Started VyntrauApplication in 1.258 seconds (JVM running for 3250.442)
2020-07-23 12:38:36,730 INFO org.springframework.boot.StartupInfoLogger [restartedMain] Starting VyntrauApplication on SURAJ-PANDEY with PID 17092 (C:\Users\SURAJ\Desktop\front\vyntrau\target\classes started by SURAJ in C:\Users\SURAJ\Desktop\front\vyntrau)
2020-07-23 12:38:36,730 DEBUG org.springframework.boot.StartupInfoLogger [restartedMain] Running with Spring Boot v2.3.1.RELEASE, Spring v5.2.7.RELEASE
2020-07-23 12:38:36,731 INFO org.springframework.boot.SpringApplication [restartedMain] No active profile set, falling back to default profiles: default
2020-07-23 12:38:38,096 INFO org.springframework.boot.StartupInfoLogger [restartedMain] Started VyntrauApplication in 1.392 seconds (JVM running for 3296.115)
2020-07-23 12:40:31,000 INFO org.springframework.boot.StartupInfoLogger [restartedMain] Starting VyntrauApplication on SURAJ-PANDEY with PID 17092 (C:\Users\SURAJ\Desktop\front\vyntrau\target\classes started by SURAJ in C:\Users\SURAJ\Desktop\front\vyntrau)
2020-07-23 12:40:31,000 DEBUG org.springframework.boot.StartupInfoLogger [restartedMain] Running with Spring Boot v2.3.1.RELEASE, Spring v5.2.7.RELEASE
2020-07-23 12:40:31,001 INFO org.springframework.boot.SpringApplication [restartedMain] No active profile set, falling back to default profiles: default
2020-07-23 12:40:33,089 INFO org.springframework.boot.StartupInfoLogger [restartedMain] Started VyntrauApplication in 2.123 seconds (JVM running for 3411.109)
2020-07-23 12:48:38,316 INFO org.springframework.boot.StartupInfoLogger [restartedMain] Starting VyntrauApplication on SURAJ-PANDEY with PID 18800 (C:\Users\SURAJ\Desktop\front\vyntrau\target\classes started by SURAJ in C:\Users\SURAJ\Desktop\front\vyntrau)
2020-07-23 12:48:38,321 DEBUG org.springframework.boot.StartupInfoLogger [restartedMain] Running with Spring Boot v2.3.1.RELEASE, Spring v5.2.7.RELEASE
2020-07-23 12:48:38,323 INFO org.springframework.boot.SpringApplication [restartedMain] No active profile set, falling back to default profiles: default
2020-07-23 12:48:46,653 INFO org.springframework.boot.StartupInfoLogger [restartedMain] Started VyntrauApplication in 9.303 seconds (JVM running for 10.143)
2020-07-23 12:52:37,735 INFO org.springframework.boot.StartupInfoLogger [restartedMain] Starting VyntrauApplication on SURAJ-PANDEY with PID 13964 (C:\Users\SURAJ\Desktop\front\vyntrau\target\classes started by SURAJ in C:\Users\SURAJ\Desktop\front\vyntrau)
2020-07-23 12:52:37,739 DEBUG org.springframework.boot.StartupInfoLogger [restartedMain] Running with Spring Boot v2.3.1.RELEASE, Spring v5.2.7.RELEASE
2020-07-23 12:52:37,740 INFO org.springframework.boot.SpringApplication [restartedMain] No active profile set, falling back to default profiles: default
2020-07-23 12:52:45,674 INFO org.springframework.boot.StartupInfoLogger [restartedMain] Started VyntrauApplication in 8.752 seconds (JVM running for 9.597)
2020-07-23 12:53:21,083 ERROR com.vyntra.vyntrau.controller.CustomErrorController [http-nio-8080-exec-3] Page Not Found
2020-07-23 12:54:39,086 INFO org.springframework.boot.StartupInfoLogger [restartedMain] Starting VyntrauApplication on SURAJ-PANDEY with PID 13964 (C:\Users\SURAJ\Desktop\front\vyntrau\target\classes started by SURAJ in C:\Users\SURAJ\Desktop\front\vyntrau)
2020-07-23 12:54:39,087 DEBUG org.springframework.boot.StartupInfoLogger [restartedMain] Running with Spring Boot v2.3.1.RELEASE, Spring v5.2.7.RELEASE
2020-07-23 12:54:39,088 INFO org.springframework.boot.SpringApplication [restartedMain] No active profile set, falling back to default profiles: default
2020-07-23 12:54:40,999 INFO org.springframework.boot.StartupInfoLogger [restartedMain] Started VyntrauApplication in 1.996 seconds (JVM running for 124.921)
2020-07-23 12:55:43,087 INFO org.springframework.boot.StartupInfoLogger [restartedMain] Starting VyntrauApplication on SURAJ-PANDEY with PID 13964 (C:\Users\SURAJ\Desktop\front\vyntrau\target\classes started by SURAJ in C:\Users\SURAJ\Desktop\front\vyntrau)
2020-07-23 12:55:43,088 DEBUG org.springframework.boot.StartupInfoLogger [restartedMain] Running with Spring Boot v2.3.1.RELEASE, Spring v5.2.7.RELEASE
2020-07-23 12:55:43,088 INFO org.springframework.boot.SpringApplication [restartedMain] No active profile set, falling back to default profiles: default
2020-07-23 12:55:44,898 INFO org.springframework.boot.StartupInfoLogger [restartedMain] Started VyntrauApplication in 1.872 seconds (JVM running for 188.82)
2020-07-23 12:56:10,025 INFO org.springframework.boot.StartupInfoLogger [restartedMain] Starting VyntrauApplication on SURAJ-PANDEY with PID 13964 (C:\Users\SURAJ\Desktop\front\vyntrau\target\classes started by SURAJ in C:\Users\SURAJ\Desktop\front\vyntrau)
2020-07-23 12:56:10,026 DEBUG org.springframework.boot.StartupInfoLogger [restartedMain] Running with Spring Boot v2.3.1.RELEASE, Spring v5.2.7.RELEASE
2020-07-23 12:56:10,026 INFO org.springframework.boot.SpringApplication [restartedMain] No active profile set, falling back to default profiles: default
2020-07-23 12:56:11,557 INFO org.springframework.boot.StartupInfoLogger [restartedMain] Started VyntrauApplication in 1.573 seconds (JVM running for 215.48)
2020-07-23 12:59:35,985 INFO org.springframework.boot.StartupInfoLogger [restartedMain] Starting VyntrauApplication on SURAJ-PANDEY with PID 13964 (C:\Users\SURAJ\Desktop\front\vyntrau\target\classes started by SURAJ in C:\Users\SURAJ\Desktop\front\vyntrau)
2020-07-23 12:59:35,985 DEBUG org.springframework.boot.StartupInfoLogger [restartedMain] Running with Spring Boot v2.3.1.RELEASE, Spring v5.2.7.RELEASE
2020-07-23 12:59:35,985 INFO org.springframework.boot.SpringApplication [restartedMain] No active profile set, falling back to default profiles: default
2020-07-23 12:59:37,663 INFO org.springframework.boot.StartupInfoLogger [restartedMain] Started VyntrauApplication in 1.725 seconds (JVM running for 421.586)
2020-07-23 13:05:26,510 INFO org.springframework.boot.StartupInfoLogger [restartedMain] Starting VyntrauApplication on SURAJ-PANDEY with PID 13964 (C:\Users\SURAJ\Desktop\front\vyntrau\target\classes started by SURAJ in C:\Users\SURAJ\Desktop\front\vyntrau)
2020-07-23 13:05:26,511 DEBUG org.springframework.boot.StartupInfoLogger [restartedMain] Running with Spring Boot v2.3.1.RELEASE, Spring v5.2.7.RELEASE
2020-07-23 13:05:26,511 INFO org.springframework.boot.SpringApplication [restartedMain] No active profile set, falling back to default profiles: default
2020-07-23 13:05:27,928 INFO org.springframework.boot.StartupInfoLogger [restartedMain] Started VyntrauApplication in 1.455 seconds (JVM running for 771.851)
2020-07-23 13:05:49,488 ERROR com.vyntra.vyntrau.controller.CustomErrorController [http-nio-8080-exec-2] Page Not Found
2020-07-23 13:07:57,569 INFO org.springframework.boot.StartupInfoLogger [restartedMain] Starting VyntrauApplication on SURAJ-PANDEY with PID 13964 (C:\Users\SURAJ\Desktop\front\vyntrau\target\classes started by SURAJ in C:\Users\SURAJ\Desktop\front\vyntrau)
2020-07-23 13:07:57,569 DEBUG org.springframework.boot.StartupInfoLogger [restartedMain] Running with Spring Boot v2.3.1.RELEASE, Spring v5.2.7.RELEASE
2020-07-23 13:07:57,570 INFO org.springframework.boot.SpringApplication [restartedMain] No active profile set, falling back to default profiles: default
2020-07-23 13:07:59,123 INFO org.springframework.boot.StartupInfoLogger [restartedMain] Started VyntrauApplication in 1.594 seconds (JVM running for 923.046)
2020-07-23 13:09:57,246 INFO org.springframework.boot.StartupInfoLogger [restartedMain] Starting VyntrauApplication on SURAJ-PANDEY with PID 13964 (C:\Users\SURAJ\Desktop\front\vyntrau\target\classes started by SURAJ in C:\Users\SURAJ\Desktop\front\vyntrau)
2020-07-23 13:09:57,246 DEBUG org.springframework.boot.StartupInfoLogger [restartedMain] Running with Spring Boot v2.3.1.RELEASE, Spring v5.2.7.RELEASE
2020-07-23 13:09:57,246 INFO org.springframework.boot.SpringApplication [restartedMain] No active profile set, falling back to default profiles: default
2020-07-23 13:09:59,014 INFO org.springframework.boot.StartupInfoLogger [restartedMain] Started VyntrauApplication in 1.8 seconds (JVM running for 1042.936)
2020-07-23 13:27:33,971 INFO org.springframework.boot.StartupInfoLogger [restartedMain] Starting VyntrauApplication on SURAJ-PANDEY with PID 13964 (C:\Users\SURAJ\Desktop\front\vyntrau\target\classes started by SURAJ in C:\Users\SURAJ\Desktop\front\vyntrau)
2020-07-23 13:27:33,971 DEBUG org.springframework.boot.StartupInfoLogger [restartedMain] Running with Spring Boot v2.3.1.RELEASE, Spring v5.2.7.RELEASE
2020-07-23 13:27:33,971 INFO org.springframework.boot.SpringApplication [restartedMain] No active profile set, falling back to default profiles: default
2020-07-23 13:27:35,514 INFO org.springframework.boot.StartupInfoLogger [restartedMain] Started VyntrauApplication in 1.573 seconds (JVM running for 2099.437)
2020-07-23 13:27:41,707 INFO org.springframework.boot.StartupInfoLogger [restartedMain] Starting VyntrauApplication on SURAJ-PANDEY with PID 13964 (C:\Users\SURAJ\Desktop\front\vyntrau\target\classes started by SURAJ in C:\Users\SURAJ\Desktop\front\vyntrau)
2020-07-23 13:27:41,707 DEBUG org.springframework.boot.StartupInfoLogger [restartedMain] Running with Spring Boot v2.3.1.RELEASE, Spring v5.2.7.RELEASE
2020-07-23 13:27:41,708 INFO org.springframework.boot.SpringApplication [restartedMain] No active profile set, falling back to default profiles: default
2020-07-23 13:27:43,256 INFO org.springframework.boot.StartupInfoLogger [restartedMain] Started VyntrauApplication in 1.605 seconds (JVM running for 2107.179)
2020-07-23 13:32:02,659 INFO org.springframework.boot.StartupInfoLogger [restartedMain] Starting VyntrauApplication on SURAJ-PANDEY with PID 13964 (C:\Users\SURAJ\Desktop\front\vyntrau\target\classes started by SURAJ in C:\Users\SURAJ\Desktop\front\vyntrau)
2020-07-23 13:32:02,660 DEBUG org.springframework.boot.StartupInfoLogger [restartedMain] Running with Spring Boot v2.3.1.RELEASE, Spring v5.2.7.RELEASE
2020-07-23 13:32:02,660 INFO org.springframework.boot.SpringApplication [restartedMain] No active profile set, falling back to default profiles: default
2020-07-23 13:32:08,879 INFO org.springframework.boot.StartupInfoLogger [restartedMain] Starting VyntrauApplication on SURAJ-PANDEY with PID 13964 (C:\Users\SURAJ\Desktop\front\vyntrau\target\classes started by SURAJ in C:\Users\SURAJ\Desktop\front\vyntrau)
2020-07-23 13:32:08,879 DEBUG org.springframework.boot.StartupInfoLogger [restartedMain] Running with Spring Boot v2.3.1.RELEASE, Spring v5.2.7.RELEASE
2020-07-23 13:32:08,879 INFO org.springframework.boot.SpringApplication [restartedMain] No active profile set, falling back to default profiles: default
2020-07-23 13:32:11,182 INFO org.springframework.boot.StartupInfoLogger [restartedMain] Started VyntrauApplication in 2.352 seconds (JVM running for 2375.105)
2020-07-23 13:36:36,088 INFO org.springframework.boot.StartupInfoLogger [restartedMain] Starting VyntrauApplication on SURAJ-PANDEY with PID 13964 (C:\Users\SURAJ\Desktop\front\vyntrau\target\classes started by SURAJ in C:\Users\SURAJ\Desktop\front\vyntrau)
2020-07-23 13:36:36,088 DEBUG org.springframework.boot.StartupInfoLogger [restartedMain] Running with Spring Boot v2.3.1.RELEASE, Spring v5.2.7.RELEASE
2020-07-23 13:36:36,089 INFO org.springframework.boot.SpringApplication [restartedMain] No active profile set, falling back to default profiles: default
2020-07-23 13:36:37,623 INFO org.springframework.boot.StartupInfoLogger [restartedMain] Started VyntrauApplication in 1.572 seconds (JVM running for 2641.545)
2020-07-23 16:24:26,285 INFO org.springframework.boot.StartupInfoLogger [restartedMain] Starting VyntrauApplication on SURAJ-PANDEY with PID 18088 (C:\Users\SURAJ\Desktop\front\vyntrau\target\classes started by SURAJ in C:\Users\SURAJ\Desktop\front\vyntrau)
2020-07-23 16:24:26,290 DEBUG org.springframework.boot.StartupInfoLogger [restartedMain] Running with Spring Boot v2.3.1.RELEASE, Spring v5.2.7.RELEASE
2020-07-23 16:24:26,291 INFO org.springframework.boot.SpringApplication [restartedMain] No active profile set, falling back to default profiles: default
2020-07-23 16:24:34,948 INFO org.springframework.boot.StartupInfoLogger [restartedMain] Started VyntrauApplication in 9.656 seconds (JVM running for 10.496)
2020-07-23 16:26:20,077 INFO org.springframework.boot.StartupInfoLogger [restartedMain] Starting VyntrauApplication on SURAJ-PANDEY with PID 18088 (C:\Users\SURAJ\Desktop\front\vyntrau\target\classes started by SURAJ in C:\Users\SURAJ\Desktop\front\vyntrau)
2020-07-23 16:26:20,078 DEBUG org.springframework.boot.StartupInfoLogger [restartedMain] Running with Spring Boot v2.3.1.RELEASE, Spring v5.2.7.RELEASE
2020-07-23 16:26:20,079 INFO org.springframework.boot.SpringApplication [restartedMain] No active profile set, falling back to default profiles: default
2020-07-23 16:26:33,706 INFO org.springframework.boot.StartupInfoLogger [restartedMain] Starting VyntrauApplication on SURAJ-PANDEY with PID 18088 (C:\Users\SURAJ\Desktop\front\vyntrau\target\classes started by SURAJ in C:\Users\SURAJ\Desktop\front\vyntrau)
2020-07-23 16:26:33,707 DEBUG org.springframework.boot.StartupInfoLogger [restartedMain] Running with Spring Boot v2.3.1.RELEASE, Spring v5.2.7.RELEASE
2020-07-23 16:26:33,708 INFO org.springframework.boot.SpringApplication [restartedMain] No active profile set, falling back to default profiles: default
2020-07-23 16:26:35,877 INFO org.springframework.boot.StartupInfoLogger [restartedMain] Started VyntrauApplication in 2.233 seconds (JVM running for 131.425)
2020-07-23 16:27:31,799 INFO org.springframework.boot.StartupInfoLogger [restartedMain] Starting VyntrauApplication on SURAJ-PANDEY with PID 18088 (C:\Users\SURAJ\Desktop\front\vyntrau\target\classes started by SURAJ in C:\Users\SURAJ\Desktop\front\vyntrau)
2020-07-23 16:27:31,799 DEBUG org.springframework.boot.StartupInfoLogger [restartedMain] Running with Spring Boot v2.3.1.RELEASE, Spring v5.2.7.RELEASE
2020-07-23 16:27:31,800 INFO org.springframework.boot.SpringApplication [restartedMain] No active profile set, falling back to default profiles: default
2020-07-23 16:27:33,400 INFO org.springframework.boot.StartupInfoLogger [restartedMain] Started VyntrauApplication in 1.655 seconds (JVM running for 188.948)
2020-07-23 16:33:03,906 INFO org.springframework.boot.StartupInfoLogger [restartedMain] Starting VyntrauApplication on SURAJ-PANDEY with PID 17444 (C:\Users\SURAJ\Desktop\front\vyntrau\target\classes started by SURAJ in C:\Users\SURAJ\Desktop\front\vyntrau)
2020-07-23 16:33:03,912 DEBUG org.springframework.boot.StartupInfoLogger [restartedMain] Running with Spring Boot v2.3.1.RELEASE, Spring v5.2.7.RELEASE
2020-07-23 16:33:03,913 INFO org.springframework.boot.SpringApplication [restartedMain] No active profile set, falling back to default profiles: default
2020-07-23 16:33:13,649 INFO org.springframework.boot.StartupInfoLogger [restartedMain] Started VyntrauApplication in 10.669 seconds (JVM running for 11.401)
2020-07-23 16:39:31,273 INFO org.springframework.boot.StartupInfoLogger [restartedMain] Starting VyntrauApplication on SURAJ-PANDEY with PID 12064 (C:\Users\SURAJ\Desktop\front\vyntrau\target\classes started by SURAJ in C:\Users\SURAJ\Desktop\front\vyntrau)
2020-07-23 16:39:31,277 DEBUG org.springframework.boot.StartupInfoLogger [restartedMain] Running with Spring Boot v2.3.1.RELEASE, Spring v5.2.7.RELEASE
2020-07-23 16:39:31,278 INFO org.springframework.boot.SpringApplication [restartedMain] No active profile set, falling back to default profiles: default
2020-07-23 16:39:44,611 INFO org.springframework.boot.StartupInfoLogger [restartedMain] Started VyntrauApplication in 14.168 seconds (JVM running for 15.018)
2020-07-23 16:42:16,830 INFO org.springframework.boot.StartupInfoLogger [restartedMain] Starting VyntrauApplication on SURAJ-PANDEY with PID 15640 (C:\Users\SURAJ\Desktop\front\vyntrau\target\classes started by SURAJ in C:\Users\SURAJ\Desktop\front\vyntrau)
2020-07-23 16:42:16,835 DEBUG org.springframework.boot.StartupInfoLogger [restartedMain] Running with Spring Boot v2.3.1.RELEASE, Spring v5.2.7.RELEASE
2020-07-23 16:42:16,836 INFO org.springframework.boot.SpringApplication [restartedMain] No active profile set, falling back to default profiles: default
2020-07-23 16:42:29,420 INFO org.springframework.boot.StartupInfoLogger [restartedMain] Started VyntrauApplication in 13.913 seconds (JVM running for 15.416)
2020-07-23 16:45:11,379 INFO org.springframework.boot.StartupInfoLogger [restartedMain] Starting VyntrauApplication on SURAJ-PANDEY with PID 11284 (C:\Users\SURAJ\Desktop\front\vyntrau\target\classes started by SURAJ in C:\Users\SURAJ\Desktop\front\vyntrau)
2020-07-23 16:45:11,383 DEBUG org.springframework.boot.StartupInfoLogger [restartedMain] Running with Spring Boot v2.3.1.RELEASE, Spring v5.2.7.RELEASE
2020-07-23 16:45:11,384 INFO org.springframework.boot.SpringApplication [restartedMain] No active profile set, falling back to default profiles: default
2020-07-23 16:45:21,504 INFO org.springframework.boot.StartupInfoLogger [restartedMain] Started VyntrauApplication in 10.938 seconds (JVM running for 12.056)
2020-07-23 16:45:53,745 INFO org.springframework.boot.StartupInfoLogger [restartedMain] Starting VyntrauApplication on SURAJ-PANDEY with PID 2808 (C:\Users\SURAJ\Desktop\front\vyntrau\target\classes started by SURAJ in C:\Users\SURAJ\Desktop\front\vyntrau)
2020-07-23 16:45:53,751 DEBUG org.springframework.boot.StartupInfoLogger [restartedMain] Running with Spring Boot v2.3.1.RELEASE, Spring v5.2.7.RELEASE
2020-07-23 16:45:53,752 INFO org.springframework.boot.SpringApplication [restartedMain] No active profile set, falling back to default profiles: default
2020-07-23 16:46:06,857 INFO org.springframework.boot.StartupInfoLogger [restartedMain] Started VyntrauApplication in 14.315 seconds (JVM running for 15.818)
2020-07-23 16:47:35,683 INFO org.springframework.boot.StartupInfoLogger [restartedMain] Starting VyntrauApplication on SURAJ-PANDEY with PID 9600 (C:\Users\SURAJ\Desktop\front\vyntrau\target\classes started by SURAJ in C:\Users\SURAJ\Desktop\front\vyntrau)
2020-07-23 16:47:35,687 DEBUG org.springframework.boot.StartupInfoLogger [restartedMain] Running with Spring Boot v2.3.1.RELEASE, Spring v5.2.7.RELEASE
2020-07-23 16:47:35,688 INFO org.springframework.boot.SpringApplication [restartedMain] No active profile set, falling back to default profiles: default
2020-07-23 16:47:47,799 INFO org.springframework.boot.StartupInfoLogger [restartedMain] Started VyntrauApplication in 12.911 seconds (JVM running for 13.78)
2020-07-23 16:53:13,988 INFO org.springframework.boot.StartupInfoLogger [restartedMain] Starting VyntrauApplication on SURAJ-PANDEY with PID 9600 (C:\Users\SURAJ\Desktop\front\vyntrau\target\classes started by SURAJ in C:\Users\SURAJ\Desktop\front\vyntrau)
2020-07-23 16:53:13,989 DEBUG org.springframework.boot.StartupInfoLogger [restartedMain] Running with Spring Boot v2.3.1.RELEASE, Spring v5.2.7.RELEASE
2020-07-23 16:53:13,991 INFO org.springframework.boot.SpringApplication [restartedMain] No active profile set, falling back to default profiles: default
2020-07-23 16:53:17,082 INFO org.springframework.boot.StartupInfoLogger [restartedMain] Started VyntrauApplication in 3.294 seconds (JVM running for 343.062)
2020-07-23 16:53:41,799 INFO org.springframework.boot.StartupInfoLogger [restartedMain] Starting VyntrauApplication on SURAJ-PANDEY with PID 9600 (C:\Users\SURAJ\Desktop\front\vyntrau\target\classes started by SURAJ in C:\Users\SURAJ\Desktop\front\vyntrau)
2020-07-23 16:53:41,800 DEBUG org.springframework.boot.StartupInfoLogger [restartedMain] Running with Spring Boot v2.3.1.RELEASE, Spring v5.2.7.RELEASE
2020-07-23 16:53:41,802 INFO org.springframework.boot.SpringApplication [restartedMain] No active profile set, falling back to default profiles: default
2020-07-23 16:53:44,526 INFO org.springframework.boot.StartupInfoLogger [restartedMain] Started VyntrauApplication in 2.921 seconds (JVM running for 370.507)
2020-07-23 16:58:41,341 INFO org.springframework.boot.StartupInfoLogger [restartedMain] Starting VyntrauApplication on SURAJ-PANDEY with PID 9600 (C:\Users\SURAJ\Desktop\front\vyntrau\target\classes started by SURAJ in C:\Users\SURAJ\Desktop\front\vyntrau)
2020-07-23 16:58:41,343 DEBUG org.springframework.boot.StartupInfoLogger [restartedMain] Running with Spring Boot v2.3.1.RELEASE, Spring v5.2.7.RELEASE
2020-07-23 16:58:41,346 INFO org.springframework.boot.SpringApplication [restartedMain] No active profile set, falling back to default profiles: default
2020-07-23 16:58:44,455 INFO org.springframework.boot.StartupInfoLogger [restartedMain] Started VyntrauApplication in 3.212 seconds (JVM running for 670.436)
2020-07-23 17:02:29,250 INFO org.springframework.boot.StartupInfoLogger [restartedMain] Starting VyntrauApplication on SURAJ-PANDEY with PID 15624 (C:\Users\SURAJ\Desktop\front\vyntrau\target\classes started by SURAJ in C:\Users\SURAJ\Desktop\front\vyntrau)
2020-07-23 17:02:29,256 DEBUG org.springframework.boot.StartupInfoLogger [restartedMain] Running with Spring Boot v2.3.1.RELEASE, Spring v5.2.7.RELEASE
2020-07-23 17:02:29,257 INFO org.springframework.boot.SpringApplication [restartedMain] No active profile set, falling back to default profiles: default
2020-07-23 17:02:43,512 INFO org.springframework.boot.StartupInfoLogger [restartedMain] Started VyntrauApplication in 15.274 seconds (JVM running for 16.315)
2020-07-23 17:03:49,290 ERROR com.vyntra.vyntrau.controller.CustomErrorController [http-nio-8080-exec-5] Page Not Found
2020-07-23 17:04:34,197 INFO org.springframework.boot.StartupInfoLogger [restartedMain] Starting VyntrauApplication on SURAJ-PANDEY with PID 15624 (C:\Users\SURAJ\Desktop\front\vyntrau\target\classes started by SURAJ in C:\Users\SURAJ\Desktop\front\vyntrau)
2020-07-23 17:04:34,198 DEBUG org.springframework.boot.StartupInfoLogger [restartedMain] Running with Spring Boot v2.3.1.RELEASE, Spring v5.2.7.RELEASE
2020-07-23 17:04:34,198 INFO org.springframework.boot.SpringApplication [restartedMain] No active profile set, falling back to default profiles: default
2020-07-23 17:04:36,282 INFO org.springframework.boot.StartupInfoLogger [restartedMain] Started VyntrauApplication in 2.162 seconds (JVM running for 129.086)
2020-07-23 17:08:25,278 INFO org.springframework.boot.StartupInfoLogger [restartedMain] Starting VyntrauApplication on SURAJ-PANDEY with PID 15624 (C:\Users\SURAJ\Desktop\front\vyntrau\target\classes started by SURAJ in C:\Users\SURAJ\Desktop\front\vyntrau)
2020-07-23 17:08:25,279 DEBUG org.springframework.boot.StartupInfoLogger [restartedMain] Running with Spring Boot v2.3.1.RELEASE, Spring v5.2.7.RELEASE
2020-07-23 17:08:25,279 INFO org.springframework.boot.SpringApplication [restartedMain] No active profile set, falling back to default profiles: default
2020-07-23 17:08:27,417 INFO org.springframework.boot.StartupInfoLogger [restartedMain] Started VyntrauApplication in 2.179 seconds (JVM running for 360.22)
2020-07-23 17:08:37,646 ERROR com.vyntra.vyntrau.controller.CustomErrorController [http-nio-8080-exec-4] Page Not Found
2020-07-23 17:08:57,878 INFO org.springframework.boot.StartupInfoLogger [restartedMain] Starting VyntrauApplication on SURAJ-PANDEY with PID 6908 (C:\Users\SURAJ\Desktop\front\vyntrau\target\classes started by SURAJ in C:\Users\SURAJ\Desktop\front\vyntrau)
2020-07-23 17:08:57,882 DEBUG org.springframework.boot.StartupInfoLogger [restartedMain] Running with Spring Boot v2.3.1.RELEASE, Spring v5.2.7.RELEASE
2020-07-23 17:08:57,896 INFO org.springframework.boot.SpringApplication [restartedMain] No active profile set, falling back to default profiles: default
2020-07-23 17:09:08,153 INFO org.springframework.boot.StartupInfoLogger [restartedMain] Started VyntrauApplication in 11.352 seconds (JVM running for 12.244)
2020-07-23 17:16:09,016 INFO org.springframework.boot.StartupInfoLogger [restartedMain] Starting VyntrauApplication on SURAJ-PANDEY with PID 6908 (C:\Users\SURAJ\Desktop\front\vyntrau\target\classes started by SURAJ in C:\Users\SURAJ\Desktop\front\vyntrau)
2020-07-23 17:16:09,017 DEBUG org.springframework.boot.StartupInfoLogger [restartedMain] Running with Spring Boot v2.3.1.RELEASE, Spring v5.2.7.RELEASE
2020-07-23 17:16:09,018 INFO org.springframework.boot.SpringApplication [restartedMain] No active profile set, falling back to default profiles: default
2020-07-23 17:16:11,066 INFO org.springframework.boot.StartupInfoLogger [restartedMain] Started VyntrauApplication in 2.126 seconds (JVM running for 435.158)
2020-07-23 17:21:49,108 INFO org.springframework.boot.StartupInfoLogger [restartedMain] Starting VyntrauApplication on SURAJ-PANDEY with PID 9360 (C:\Users\SURAJ\Desktop\front\vyntrau\target\classes started by SURAJ in C:\Users\SURAJ\Desktop\front\vyntrau)
2020-07-23 17:21:49,112 DEBUG org.springframework.boot.StartupInfoLogger [restartedMain] Running with Spring Boot v2.3.1.RELEASE, Spring v5.2.7.RELEASE
2020-07-23 17:21:49,113 INFO org.springframework.boot.SpringApplication [restartedMain] No active profile set, falling back to default profiles: default
2020-07-23 17:21:58,512 INFO org.springframework.boot.StartupInfoLogger [restartedMain] Started VyntrauApplication in 10.269 seconds (JVM running for 11.085)
2020-07-23 17:24:55,763 INFO org.springframework.boot.StartupInfoLogger [restartedMain] Starting VyntrauApplication on SURAJ-PANDEY with PID 9360 (C:\Users\SURAJ\Desktop\front\vyntrau\target\classes started by SURAJ in C:\Users\SURAJ\Desktop\front\vyntrau)
2020-07-23 17:24:55,764 DEBUG org.springframework.boot.StartupInfoLogger [restartedMain] Running with Spring Boot v2.3.1.RELEASE, Spring v5.2.7.RELEASE
2020-07-23 17:24:55,765 INFO org.springframework.boot.SpringApplication [restartedMain] No active profile set, falling back to default profiles: default
2020-07-23 17:24:58,924 INFO org.springframework.boot.StartupInfoLogger [restartedMain] Started VyntrauApplication in 3.438 seconds (JVM running for 191.497)
2020-07-23 17:25:04,625 INFO org.springframework.boot.StartupInfoLogger [restartedMain] Starting VyntrauApplication on SURAJ-PANDEY with PID 10152 (C:\Users\SURAJ\Desktop\front\vyntrau\target\classes started by SURAJ in C:\Users\SURAJ\Desktop\front\vyntrau)
2020-07-23 17:25:04,632 DEBUG org.springframework.boot.StartupInfoLogger [restartedMain] Running with Spring Boot v2.3.1.RELEASE, Spring v5.2.7.RELEASE
2020-07-23 17:25:04,633 INFO org.springframework.boot.SpringApplication [restartedMain] No active profile set, falling back to default profiles: default
2020-07-23 17:25:14,178 INFO org.springframework.boot.StartupInfoLogger [restartedMain] Started VyntrauApplication in 10.988 seconds (JVM running for 11.912)
2020-07-23 17:27:25,076 INFO org.springframework.boot.StartupInfoLogger [restartedMain] Starting VyntrauApplication on SURAJ-PANDEY with PID 10152 (C:\Users\SURAJ\Desktop\front\vyntrau\target\classes started by SURAJ in C:\Users\SURAJ\Desktop\front\vyntrau)
2020-07-23 17:27:25,077 DEBUG org.springframework.boot.StartupInfoLogger [restartedMain] Running with Spring Boot v2.3.1.RELEASE, Spring v5.2.7.RELEASE
2020-07-23 17:27:25,078 INFO org.springframework.boot.SpringApplication [restartedMain] No active profile set, falling back to default profiles: default
2020-07-23 17:27:27,271 INFO org.springframework.boot.StartupInfoLogger [restartedMain] Started VyntrauApplication in 2.27 seconds (JVM running for 145.005)
2020-07-23 17:31:44,332 INFO org.springframework.boot.StartupInfoLogger [restartedMain] Starting VyntrauApplication on SURAJ-PANDEY with PID 10152 (C:\Users\SURAJ\Desktop\front\vyntrau\target\classes started by SURAJ in C:\Users\SURAJ\Desktop\front\vyntrau)
2020-07-23 17:31:44,333 DEBUG org.springframework.boot.StartupInfoLogger [restartedMain] Running with Spring Boot v2.3.1.RELEASE, Spring v5.2.7.RELEASE
2020-07-23 17:31:44,333 INFO org.springframework.boot.SpringApplication [restartedMain] No active profile set, falling back to default profiles: default
2020-07-23 17:31:46,941 INFO org.springframework.boot.StartupInfoLogger [restartedMain] Started VyntrauApplication in 2.656 seconds (JVM running for 404.675)
2020-07-23 17:33:01,489 INFO org.springframework.boot.StartupInfoLogger [restartedMain] Starting VyntrauApplication on SURAJ-PANDEY with PID 10152 (C:\Users\SURAJ\Desktop\front\vyntrau\target\classes started by SURAJ in C:\Users\SURAJ\Desktop\front\vyntrau)
2020-07-23 17:33:01,489 DEBUG org.springframework.boot.StartupInfoLogger [restartedMain] Running with Spring Boot v2.3.1.RELEASE, Spring v5.2.7.RELEASE
2020-07-23 17:33:01,490 INFO org.springframework.boot.SpringApplication [restartedMain] No active profile set, falling back to default profiles: default
2020-07-23 17:33:03,675 INFO org.springframework.boot.StartupInfoLogger [restartedMain] Started VyntrauApplication in 2.228 seconds (JVM running for 481.409)
2020-07-23 17:34:42,029 INFO org.springframework.boot.StartupInfoLogger [restartedMain] Starting VyntrauApplication on SURAJ-PANDEY with PID 10152 (C:\Users\SURAJ\Desktop\front\vyntrau\target\classes started by SURAJ in C:\Users\SURAJ\Desktop\front\vyntrau)
2020-07-23 17:34:42,030 DEBUG org.springframework.boot.StartupInfoLogger [restartedMain] Running with Spring Boot v2.3.1.RELEASE, Spring v5.2.7.RELEASE
2020-07-23 17:34:42,031 INFO org.springframework.boot.SpringApplication [restartedMain] No active profile set, falling back to default profiles: default
2020-07-23 17:34:43,515 INFO org.springframework.boot.StartupInfoLogger [restartedMain] Started VyntrauApplication in 1.532 seconds (JVM running for 581.249)
2020-07-23 17:39:18,522 INFO org.springframework.boot.StartupInfoLogger [restartedMain] Starting VyntrauApplication on SURAJ-PANDEY with PID 10152 (C:\Users\SURAJ\Desktop\front\vyntrau\target\classes started by SURAJ in C:\Users\SURAJ\Desktop\front\vyntrau)
2020-07-23 17:39:18,523 DEBUG org.springframework.boot.StartupInfoLogger [restartedMain] Running with Spring Boot v2.3.1.RELEASE, Spring v5.2.7.RELEASE
2020-07-23 17:39:18,523 INFO org.springframework.boot.SpringApplication [restartedMain] No active profile set, falling back to default profiles: default
2020-07-23 17:39:19,882 INFO org.springframework.boot.StartupInfoLogger [restartedMain] Started VyntrauApplication in 1.396 seconds (JVM running for 857.618)
2020-07-23 17:44:36,738 INFO org.springframework.boot.StartupInfoLogger [restartedMain] Starting VyntrauApplication on SURAJ-PANDEY with PID 19056 (C:\Users\SURAJ\Desktop\front\vyntrau\target\classes started by SURAJ in C:\Users\SURAJ\Desktop\front\vyntrau)
2020-07-23 17:44:36,743 DEBUG org.springframework.boot.StartupInfoLogger [restartedMain] Running with Spring Boot v2.3.1.RELEASE, Spring v5.2.7.RELEASE
2020-07-23 17:44:36,744 INFO org.springframework.boot.SpringApplication [restartedMain] No active profile set, falling back to default profiles: default
2020-07-23 17:44:45,201 INFO org.springframework.boot.StartupInfoLogger [restartedMain] Started VyntrauApplication in 9.259 seconds (JVM running for 10.019)
2020-07-23 18:00:19,190 INFO org.springframework.boot.StartupInfoLogger [restartedMain] Starting VyntrauApplication on SURAJ-PANDEY with PID 19168 (C:\Users\SURAJ\Desktop\front\vyntrau\target\classes started by SURAJ in C:\Users\SURAJ\Desktop\front\vyntrau)
2020-07-23 18:00:19,201 DEBUG org.springframework.boot.StartupInfoLogger [restartedMain] Running with Spring Boot v2.3.1.RELEASE, Spring v5.2.7.RELEASE
2020-07-23 18:00:19,202 INFO org.springframework.boot.SpringApplication [restartedMain] No active profile set, falling back to default profiles: default
2020-07-23 18:00:33,020 INFO org.springframework.boot.StartupInfoLogger [restartedMain] Started VyntrauApplication in 15.018 seconds (JVM running for 15.784)
2020-07-23 18:02:09,918 INFO com.vyntra.vyntrau.service.UserService [http-nio-8080-exec-9] Successfully registered
2020-07-23 18:05:57,362 ERROR com.vyntra.vyntrau.controller.CustomErrorController [http-nio-8080-exec-9] Access Not Granted
2020-07-23 18:12:26,265 INFO org.springframework.boot.StartupInfoLogger [restartedMain] Starting VyntrauApplication on SURAJ-PANDEY with PID 8032 (C:\Users\SURAJ\Desktop\front\vyntrau\target\classes started by SURAJ in C:\Users\SURAJ\Desktop\front\vyntrau)
2020-07-23 18:12:26,271 DEBUG org.springframework.boot.StartupInfoLogger [restartedMain] Running with Spring Boot v2.3.1.RELEASE, Spring v5.2.7.RELEASE
2020-07-23 18:12:26,272 INFO org.springframework.boot.SpringApplication [restartedMain] No active profile set, falling back to default profiles: default
2020-07-23 18:12:34,487 INFO org.springframework.boot.StartupInfoLogger [restartedMain] Started VyntrauApplication in 9.065 seconds (JVM running for 9.783)
2020-07-23 18:45:48,396 INFO org.springframework.boot.StartupInfoLogger [restartedMain] Starting VyntrauApplication on SURAJ-PANDEY with PID 17504 (C:\Users\SURAJ\Desktop\front\vyntrau\target\classes started by SURAJ in C:\Users\SURAJ\Desktop\front\vyntrau)
2020-07-23 18:45:48,402 DEBUG org.springframework.boot.StartupInfoLogger [restartedMain] Running with Spring Boot v2.3.1.RELEASE, Spring v5.2.7.RELEASE
2020-07-23 18:45:48,410 INFO org.springframework.boot.SpringApplication [restartedMain] No active profile set, falling back to default profiles: default
2020-07-23 18:51:31,629 INFO org.springframework.boot.StartupInfoLogger [restartedMain] Starting VyntrauApplication on SURAJ-PANDEY with PID 17436 (C:\Users\SURAJ\Desktop\front\vyntrau\target\classes started by SURAJ in C:\Users\SURAJ\Desktop\front\vyntrau)
2020-07-23 18:51:31,634 DEBUG org.springframework.boot.StartupInfoLogger [restartedMain] Running with Spring Boot v2.3.1.RELEASE, Spring v5.2.7.RELEASE
2020-07-23 18:51:31,636 INFO org.springframework.boot.SpringApplication [restartedMain] No active profile set, falling back to default profiles: default
2020-07-23 18:51:39,868 INFO org.springframework.boot.StartupInfoLogger [restartedMain] Started VyntrauApplication in 9.07 seconds (JVM running for 9.869)
2020-07-23 19:32:30,337 INFO org.springframework.boot.StartupInfoLogger [restartedMain] Starting VyntrauApplication on SURAJ-PANDEY with PID 17436 (C:\Users\SURAJ\Desktop\front\vyntrau\target\classes started by SURAJ in C:\Users\SURAJ\Desktop\front\vyntrau)
2020-07-23 19:32:30,337 DEBUG org.springframework.boot.StartupInfoLogger [restartedMain] Running with Spring Boot v2.3.1.RELEASE, Spring v5.2.7.RELEASE
2020-07-23 19:32:30,338 INFO org.springframework.boot.SpringApplication [restartedMain] No active profile set, falling back to default profiles: default
2020-07-23 19:32:33,852 INFO org.springframework.boot.StartupInfoLogger [restartedMain] Started VyntrauApplication in 3.607 seconds (JVM running for 2463.853)
2020-07-23 19:33:18,243 INFO org.springframework.boot.StartupInfoLogger [restartedMain] Starting VyntrauApplication on SURAJ-PANDEY with PID 17436 (C:\Users\SURAJ\Desktop\front\vyntrau\target\classes started by SURAJ in C:\Users\SURAJ\Desktop\front\vyntrau)
2020-07-23 19:33:18,244 DEBUG org.springframework.boot.StartupInfoLogger [restartedMain] Running with Spring Boot v2.3.1.RELEASE, Spring v5.2.7.RELEASE
2020-07-23 19:33:18,244 INFO org.springframework.boot.SpringApplication [restartedMain] No active profile set, falling back to default profiles: default
2020-07-23 19:33:20,814 INFO org.springframework.boot.StartupInfoLogger [restartedMain] Started VyntrauApplication in 2.658 seconds (JVM running for 2510.815)
2020-07-23 19:34:04,612 INFO org.springframework.boot.StartupInfoLogger [restartedMain] Starting VyntrauApplication on SURAJ-PANDEY with PID 17436 (C:\Users\SURAJ\Desktop\front\vyntrau\target\classes started by SURAJ in C:\Users\SURAJ\Desktop\front\vyntrau)
2020-07-23 19:34:04,612 DEBUG org.springframework.boot.StartupInfoLogger [restartedMain] Running with Spring Boot v2.3.1.RELEASE, Spring v5.2.7.RELEASE
2020-07-23 19:34:04,613 INFO org.springframework.boot.SpringApplication [restartedMain] No active profile set, falling back to default profiles: default
2020-07-23 19:34:07,010 INFO org.springframework.boot.StartupInfoLogger [restartedMain] Started VyntrauApplication in 2.457 seconds (JVM running for 2557.012)
2020-07-23 19:41:05,199 INFO org.springframework.boot.StartupInfoLogger [restartedMain] Starting VyntrauApplication on SURAJ-PANDEY with PID 9688 (C:\Users\SURAJ\Desktop\front\vyntrau\target\classes started by SURAJ in C:\Users\SURAJ\Desktop\front\vyntrau)
2020-07-23 19:41:05,208 DEBUG org.springframework.boot.StartupInfoLogger [restartedMain] Running with Spring Boot v2.3.1.RELEASE, Spring v5.2.7.RELEASE
2020-07-23 19:41:05,209 INFO org.springframework.boot.SpringApplication [restartedMain] No active profile set, falling back to default profiles: default
2020-07-23 19:41:17,060 INFO org.springframework.boot.StartupInfoLogger [restartedMain] Started VyntrauApplication in 12.987 seconds (JVM running for 14.661)
2020-07-23 19:42:15,700 ERROR com.vyntra.vyntrau.controller.CustomErrorController [http-nio-8080-exec-1] Error has occured
2020-07-23 19:43:49,669 INFO org.springframework.boot.StartupInfoLogger [restartedMain] Starting VyntrauApplication on SURAJ-PANDEY with PID 19188 (C:\Users\SURAJ\Desktop\front\vyntrau\target\classes started by SURAJ in C:\Users\SURAJ\Desktop\front\vyntrau)
2020-07-23 19:43:49,674 DEBUG org.springframework.boot.StartupInfoLogger [restartedMain] Running with Spring Boot v2.3.1.RELEASE, Spring v5.2.7.RELEASE
2020-07-23 19:43:49,675 INFO org.springframework.boot.SpringApplication [restartedMain] No active profile set, falling back to default profiles: default
2020-07-23 19:43:58,571 INFO org.springframework.boot.StartupInfoLogger [restartedMain] Started VyntrauApplication in 9.866 seconds (JVM running for 10.629)
2020-07-23 19:44:13,944 ERROR com.vyntra.vyntrau.controller.CustomErrorController [http-nio-8080-exec-7] Error has occured
2020-07-23 19:44:45,466 INFO org.springframework.boot.StartupInfoLogger [restartedMain] Starting VyntrauApplication on SURAJ-PANDEY with PID 19188 (C:\Users\SURAJ\Desktop\front\vyntrau\target\classes started by SURAJ in C:\Users\SURAJ\Desktop\front\vyntrau)
2020-07-23 19:44:45,466 DEBUG org.springframework.boot.StartupInfoLogger [restartedMain] Running with Spring Boot v2.3.1.RELEASE, Spring v5.2.7.RELEASE
2020-07-23 19:44:45,467 INFO org.springframework.boot.SpringApplication [restartedMain] No active profile set, falling back to default profiles: default
2020-07-23 19:44:47,753 INFO org.springframework.boot.StartupInfoLogger [restartedMain] Started VyntrauApplication in 2.372 seconds (JVM running for 59.81)
2020-07-23 19:45:06,701 INFO org.springframework.boot.StartupInfoLogger [restartedMain] Starting VyntrauApplication on SURAJ-PANDEY with PID 19188 (C:\Users\SURAJ\Desktop\front\vyntrau\target\classes started by SURAJ in C:\Users\SURAJ\Desktop\front\vyntrau)
2020-07-23 19:45:06,702 DEBUG org.springframework.boot.StartupInfoLogger [restartedMain] Running with Spring Boot v2.3.1.RELEASE, Spring v5.2.7.RELEASE
2020-07-23 19:45:06,702 INFO org.springframework.boot.SpringApplication [restartedMain] No active profile set, falling back to default profiles: default
2020-07-23 19:45:08,365 INFO org.springframework.boot.StartupInfoLogger [restartedMain] Started VyntrauApplication in 1.716 seconds (JVM running for 80.422)
2020-07-23 19:49:52,784 INFO org.springframework.boot.StartupInfoLogger [restartedMain] Starting VyntrauApplication on SURAJ-PANDEY with PID 7768 (C:\Users\SURAJ\Desktop\front\vyntrau\target\classes started by SURAJ in C:\Users\SURAJ\Desktop\front\vyntrau)
2020-07-23 19:49:52,788 DEBUG org.springframework.boot.StartupInfoLogger [restartedMain] Running with Spring Boot v2.3.1.RELEASE, Spring v5.2.7.RELEASE
2020-07-23 19:49:52,789 INFO org.springframework.boot.SpringApplication [restartedMain] No active profile set, falling back to default profiles: default
2020-07-23 19:50:03,187 INFO org.springframework.boot.StartupInfoLogger [restartedMain] Started VyntrauApplication in 11.233 seconds (JVM running for 12.227)
2020-07-23 19:53:21,194 INFO org.springframework.boot.StartupInfoLogger [restartedMain] Starting VyntrauApplication on SURAJ-PANDEY with PID 7768 (C:\Users\SURAJ\Desktop\front\vyntrau\target\classes started by SURAJ in C:\Users\SURAJ\Desktop\front\vyntrau)
2020-07-23 19:53:21,194 DEBUG org.springframework.boot.StartupInfoLogger [restartedMain] Running with Spring Boot v2.3.1.RELEASE, Spring v5.2.7.RELEASE
2020-07-23 19:53:21,195 INFO org.springframework.boot.SpringApplication [restartedMain] No active profile set, falling back to default profiles: default
2020-07-23 19:53:23,468 INFO org.springframework.boot.StartupInfoLogger [restartedMain] Started VyntrauApplication in 2.336 seconds (JVM running for 212.508)
2020-07-23 20:07:19,842 INFO org.springframework.boot.StartupInfoLogger [restartedMain] Starting VyntrauApplication on SURAJ-PANDEY with PID 18552 (C:\Users\SURAJ\Desktop\front\vyntrau\target\classes started by SURAJ in C:\Users\SURAJ\Desktop\front\vyntrau)
2020-07-23 20:07:19,849 DEBUG org.springframework.boot.StartupInfoLogger [restartedMain] Running with Spring Boot v2.3.1.RELEASE, Spring v5.2.7.RELEASE
2020-07-23 20:07:19,850 INFO org.springframework.boot.SpringApplication [restartedMain] No active profile set, falling back to default profiles: default
2020-07-23 20:12:26,458 INFO org.springframework.boot.StartupInfoLogger [restartedMain] Starting VyntrauApplication on SURAJ-PANDEY with PID 16928 (C:\Users\SURAJ\Desktop\front\vyntrau\target\classes started by SURAJ in C:\Users\SURAJ\Desktop\front\vyntrau)
2020-07-23 20:12:26,463 DEBUG org.springframework.boot.StartupInfoLogger [restartedMain] Running with Spring Boot v2.3.1.RELEASE, Spring v5.2.7.RELEASE
2020-07-23 20:12:26,465 INFO org.springframework.boot.SpringApplication [restartedMain] No active profile set, falling back to default profiles: default
2020-07-23 20:13:56,593 INFO org.springframework.boot.StartupInfoLogger [restartedMain] Starting VyntrauApplication on SURAJ-PANDEY with PID 11464 (C:\Users\SURAJ\Desktop\front\vyntrau\target\classes started by SURAJ in C:\Users\SURAJ\Desktop\front\vyntrau)
2020-07-23 20:13:56,599 DEBUG org.springframework.boot.StartupInfoLogger [restartedMain] Running with Spring Boot v2.3.1.RELEASE, Spring v5.2.7.RELEASE
2020-07-23 20:13:56,600 INFO org.springframework.boot.SpringApplication [restartedMain] No active profile set, falling back to default profiles: default
2020-07-23 20:18:11,496 INFO org.springframework.boot.StartupInfoLogger [restartedMain] Starting VyntrauApplication on SURAJ-PANDEY with PID 18644 (C:\Users\SURAJ\Desktop\front\vyntrau\target\classes started by SURAJ in C:\Users\SURAJ\Desktop\front\vyntrau)
2020-07-23 20:18:11,510 DEBUG org.springframework.boot.StartupInfoLogger [restartedMain] Running with Spring Boot v2.3.1.RELEASE, Spring v5.2.7.RELEASE
2020-07-23 20:18:11,511 INFO org.springframework.boot.SpringApplication [restartedMain] No active profile set, falling back to default profiles: default
2020-07-23 20:18:27,749 INFO org.springframework.boot.StartupInfoLogger [restartedMain] Started VyntrauApplication in 17.732 seconds (JVM running for 19.14)
2020-07-23 20:22:43,339 INFO org.springframework.boot.StartupInfoLogger [restartedMain] Starting VyntrauApplication on SURAJ-PANDEY with PID 18644 (C:\Users\SURAJ\Desktop\front\vyntrau\target\classes started by SURAJ in C:\Users\SURAJ\Desktop\front\vyntrau)
2020-07-23 20:22:43,340 DEBUG org.springframework.boot.StartupInfoLogger [restartedMain] Running with Spring Boot v2.3.1.RELEASE, Spring v5.2.7.RELEASE
2020-07-23 20:22:43,340 INFO org.springframework.boot.SpringApplication [restartedMain] No active profile set, falling back to default profiles: default
2020-07-23 20:24:44,993 INFO org.springframework.boot.StartupInfoLogger [restartedMain] Starting VyntrauApplication on SURAJ-PANDEY with PID 18644 (C:\Users\SURAJ\Desktop\front\vyntrau\target\classes started by SURAJ in C:\Users\SURAJ\Desktop\front\vyntrau)
2020-07-23 20:24:44,994 DEBUG org.springframework.boot.StartupInfoLogger [restartedMain] Running with Spring Boot v2.3.1.RELEASE, Spring v5.2.7.RELEASE
2020-07-23 20:24:44,995 INFO org.springframework.boot.SpringApplication [restartedMain] No active profile set, falling back to default profiles: default
2020-07-23 20:39:45,010 INFO org.springframework.boot.StartupInfoLogger [restartedMain] Starting VyntrauApplication on SURAJ-PANDEY with PID 8292 (C:\Users\SURAJ\Desktop\front\vyntrau\target\classes started by SURAJ in C:\Users\SURAJ\Desktop\front\vyntrau)
2020-07-23 20:39:45,015 DEBUG org.springframework.boot.StartupInfoLogger [restartedMain] Running with Spring Boot v2.3.1.RELEASE, Spring v5.2.7.RELEASE
2020-07-23 20:39:45,017 INFO org.springframework.boot.SpringApplication [restartedMain] No active profile set, falling back to default profiles: default
2020-07-23 20:39:53,322 INFO org.springframework.boot.StartupInfoLogger [restartedMain] Started VyntrauApplication in 9.259 seconds (JVM running for 10.004)
2020-07-23 20:53:18,702 INFO org.springframework.boot.StartupInfoLogger [restartedMain] Starting VyntrauApplication on SURAJ-PANDEY with PID 15152 (C:\Users\SURAJ\Desktop\front\vyntrau\target\classes started by SURAJ in C:\Users\SURAJ\Desktop\front\vyntrau)
2020-07-23 20:53:18,706 DEBUG org.springframework.boot.StartupInfoLogger [restartedMain] Running with Spring Boot v2.3.1.RELEASE, Spring v5.2.7.RELEASE
2020-07-23 20:53:18,707 INFO org.springframework.boot.SpringApplication [restartedMain] No active profile set, falling back to default profiles: default
2020-07-23 20:53:27,293 INFO org.springframework.boot.StartupInfoLogger [restartedMain] Started VyntrauApplication in 9.39 seconds (JVM running for 10.167)
2020-07-23 20:57:00,942 ERROR com.vyntra.vyntrau.controller.CustomErrorController [http-nio-8080-exec-8] Access Not Granted
2020-07-23 21:12:24,370 INFO org.springframework.boot.StartupInfoLogger [restartedMain] Starting VyntrauApplication on SURAJ-PANDEY with PID 15152 (C:\Users\SURAJ\Desktop\front\vyntrau\target\classes started by SURAJ in C:\Users\SURAJ\Desktop\front\vyntrau)
2020-07-23 21:12:24,371 DEBUG org.springframework.boot.StartupInfoLogger [restartedMain] Running with Spring Boot v2.3.1.RELEASE, Spring v5.2.7.RELEASE
2020-07-23 21:12:24,371 INFO org.springframework.boot.SpringApplication [restartedMain] No active profile set, falling back to default profiles: default
2020-07-23 21:12:26,479 INFO org.springframework.boot.StartupInfoLogger [restartedMain] Started VyntrauApplication in 2.17 seconds (JVM running for 1149.353)
2020-07-23 21:13:30,407 INFO org.springframework.boot.StartupInfoLogger [restartedMain] Starting VyntrauApplication on SURAJ-PANDEY with PID 15152 (C:\Users\SURAJ\Desktop\front\vyntrau\target\classes started by SURAJ in C:\Users\SURAJ\Desktop\front\vyntrau)
2020-07-23 21:13:30,407 DEBUG org.springframework.boot.StartupInfoLogger [restartedMain] Running with Spring Boot v2.3.1.RELEASE, Spring v5.2.7.RELEASE
2020-07-23 21:13:30,408 INFO org.springframework.boot.SpringApplication [restartedMain] No active profile set, falling back to default profiles: default
2020-07-23 21:13:32,203 INFO org.springframework.boot.StartupInfoLogger [restartedMain] Started VyntrauApplication in 1.852 seconds (JVM running for 1215.077)
2020-07-23 21:13:45,905 ERROR com.vyntra.vyntrau.controller.CustomErrorController [http-nio-8080-exec-2] Page Not Found
2020-07-23 21:14:44,063 ERROR com.vyntra.vyntrau.controller.CustomErrorController [http-nio-8080-exec-2] Page Not Found
2020-07-23 21:14:44,116 ERROR com.vyntra.vyntrau.controller.CustomErrorController [http-nio-8080-exec-3] Page Not Found
2020-07-23 21:15:21,791 INFO org.springframework.boot.StartupInfoLogger [restartedMain] Starting VyntrauApplication on SURAJ-PANDEY with PID 15152 (C:\Users\SURAJ\Desktop\front\vyntrau\target\classes started by SURAJ in C:\Users\SURAJ\Desktop\front\vyntrau)
2020-07-23 21:15:21,792 DEBUG org.springframework.boot.StartupInfoLogger [restartedMain] Running with Spring Boot v2.3.1.RELEASE, Spring v5.2.7.RELEASE
2020-07-23 21:15:21,792 INFO org.springframework.boot.SpringApplication [restartedMain] No active profile set, falling back to default profiles: default
2020-07-23 21:15:23,249 INFO org.springframework.boot.StartupInfoLogger [restartedMain] Started VyntrauApplication in 1.496 seconds (JVM running for 1326.123)
