2020-07-22 13:15:56,477 INFO org.springframework.boot.StartupInfoLogger [restartedMain] Starting VyntrauApplication on SURAJ-PANDEY with PID 13172 (C:\Users\SURAJ\Desktop\front\vyntrau\target\classes started by SURAJ in C:\Users\SURAJ\Desktop\front\vyntrau)
2020-07-22 13:15:56,479 DEBUG org.springframework.boot.StartupInfoLogger [restartedMain] Running with Spring Boot v2.3.1.RELEASE, Spring v5.2.7.RELEASE
2020-07-22 13:15:56,479 INFO org.springframework.boot.SpringApplication [restartedMain] No active profile set, falling back to default profiles: default
2020-07-22 13:15:58,534 INFO org.springframework.boot.StartupInfoLogger [restartedMain] Started VyntrauApplication in 2.211 seconds (JVM running for 107.873)
2020-07-22 14:33:21,759 INFO org.springframework.boot.StartupInfoLogger [restartedMain] Starting VyntrauApplication on SURAJ-PANDEY with PID 14152 (C:\Users\SURAJ\Desktop\front\vyntrau\target\classes started by SURAJ in C:\Users\SURAJ\Desktop\front\vyntrau)
2020-07-22 14:33:21,764 DEBUG org.springframework.boot.StartupInfoLogger [restartedMain] Running with Spring Boot v2.3.1.RELEASE, Spring v5.2.7.RELEASE
2020-07-22 14:33:21,765 INFO org.springframework.boot.SpringApplication [restartedMain] No active profile set, falling back to default profiles: default
2020-07-22 14:33:32,083 INFO org.springframework.boot.StartupInfoLogger [restartedMain] Started VyntrauApplication in 11.137 seconds (JVM running for 12.961)
2020-07-22 14:37:54,856 INFO org.springframework.boot.StartupInfoLogger [restartedMain] Starting VyntrauApplication on SURAJ-PANDEY with PID 14152 (C:\Users\SURAJ\Desktop\front\vyntrau\target\classes started by SURAJ in C:\Users\SURAJ\Desktop\front\vyntrau)
2020-07-22 14:37:54,856 DEBUG org.springframework.boot.StartupInfoLogger [restartedMain] Running with Spring Boot v2.3.1.RELEASE, Spring v5.2.7.RELEASE
2020-07-22 14:37:54,856 INFO org.springframework.boot.SpringApplication [restartedMain] No active profile set, falling back to default profiles: default
2020-07-22 14:37:56,653 INFO org.springframework.boot.StartupInfoLogger [restartedMain] Started VyntrauApplication in 1.865 seconds (JVM running for 277.53)
2020-07-22 14:39:17,962 INFO org.springframework.boot.StartupInfoLogger [restartedMain] Starting VyntrauApplication on SURAJ-PANDEY with PID 14152 (C:\Users\SURAJ\Desktop\front\vyntrau\target\classes started by SURAJ in C:\Users\SURAJ\Desktop\front\vyntrau)
2020-07-22 14:39:17,963 DEBUG org.springframework.boot.StartupInfoLogger [restartedMain] Running with Spring Boot v2.3.1.RELEASE, Spring v5.2.7.RELEASE
2020-07-22 14:39:17,964 INFO org.springframework.boot.SpringApplication [restartedMain] No active profile set, falling back to default profiles: default
2020-07-22 14:39:20,066 INFO org.springframework.boot.StartupInfoLogger [restartedMain] Started VyntrauApplication in 2.159 seconds (JVM running for 360.945)
2020-07-22 14:39:22,465 ERROR com.vyntra.vyntrau.controller.CustomErrorController [http-nio-8080-exec-1] Error has occured
2020-07-22 14:42:30,048 INFO org.springframework.boot.StartupInfoLogger [restartedMain] Starting VyntrauApplication on SURAJ-PANDEY with PID 14152 (C:\Users\SURAJ\Desktop\front\vyntrau\target\classes started by SURAJ in C:\Users\SURAJ\Desktop\front\vyntrau)
2020-07-22 14:42:30,049 DEBUG org.springframework.boot.StartupInfoLogger [restartedMain] Running with Spring Boot v2.3.1.RELEASE, Spring v5.2.7.RELEASE
2020-07-22 14:42:30,049 INFO org.springframework.boot.SpringApplication [restartedMain] No active profile set, falling back to default profiles: default
2020-07-22 14:42:31,601 INFO org.springframework.boot.StartupInfoLogger [restartedMain] Started VyntrauApplication in 1.603 seconds (JVM running for 552.479)
2020-07-22 14:42:58,420 INFO org.springframework.boot.StartupInfoLogger [restartedMain] Starting VyntrauApplication on SURAJ-PANDEY with PID 4936 (C:\Users\SURAJ\Desktop\front\vyntrau\target\classes started by SURAJ in C:\Users\SURAJ\Desktop\front\vyntrau)
2020-07-22 14:42:58,426 DEBUG org.springframework.boot.StartupInfoLogger [restartedMain] Running with Spring Boot v2.3.1.RELEASE, Spring v5.2.7.RELEASE
2020-07-22 14:42:58,426 INFO org.springframework.boot.SpringApplication [restartedMain] No active profile set, falling back to default profiles: default
2020-07-22 14:43:07,958 INFO org.springframework.boot.StartupInfoLogger [restartedMain] Started VyntrauApplication in 10.263 seconds (JVM running for 11.315)
2020-07-22 14:43:08,251 ERROR com.vyntra.vyntrau.controller.CustomErrorController [http-nio-8080-exec-1] Error has occured
2020-07-22 14:43:51,920 INFO org.springframework.boot.StartupInfoLogger [restartedMain] Starting VyntrauApplication on SURAJ-PANDEY with PID 4936 (C:\Users\SURAJ\Desktop\front\vyntrau\target\classes started by SURAJ in C:\Users\SURAJ\Desktop\front\vyntrau)
2020-07-22 14:43:51,921 DEBUG org.springframework.boot.StartupInfoLogger [restartedMain] Running with Spring Boot v2.3.1.RELEASE, Spring v5.2.7.RELEASE
2020-07-22 14:43:51,922 INFO org.springframework.boot.SpringApplication [restartedMain] No active profile set, falling back to default profiles: default
2020-07-22 14:43:54,874 INFO org.springframework.boot.StartupInfoLogger [restartedMain] Starting VyntrauApplication on SURAJ-PANDEY with PID 16380 (C:\Users\SURAJ\Desktop\front\vyntrau\target\classes started by SURAJ in C:\Users\SURAJ\Desktop\front\vyntrau)
2020-07-22 14:43:54,878 DEBUG org.springframework.boot.StartupInfoLogger [restartedMain] Running with Spring Boot v2.3.1.RELEASE, Spring v5.2.7.RELEASE
2020-07-22 14:43:54,878 INFO org.springframework.boot.SpringApplication [restartedMain] No active profile set, falling back to default profiles: default
2020-07-22 14:44:03,386 INFO org.springframework.boot.StartupInfoLogger [restartedMain] Started VyntrauApplication in 9.289 seconds (JVM running for 10.357)
2020-07-22 14:45:00,316 INFO org.springframework.boot.StartupInfoLogger [restartedMain] Starting VyntrauApplication on SURAJ-PANDEY with PID 16380 (C:\Users\SURAJ\Desktop\front\vyntrau\target\classes started by SURAJ in C:\Users\SURAJ\Desktop\front\vyntrau)
2020-07-22 14:45:00,316 DEBUG org.springframework.boot.StartupInfoLogger [restartedMain] Running with Spring Boot v2.3.1.RELEASE, Spring v5.2.7.RELEASE
2020-07-22 14:45:00,317 INFO org.springframework.boot.SpringApplication [restartedMain] No active profile set, falling back to default profiles: default
2020-07-22 14:45:02,422 INFO org.springframework.boot.StartupInfoLogger [restartedMain] Started VyntrauApplication in 2.19 seconds (JVM running for 69.392)
2020-07-22 14:46:43,408 INFO org.springframework.boot.StartupInfoLogger [restartedMain] Starting VyntrauApplication on SURAJ-PANDEY with PID 16380 (C:\Users\SURAJ\Desktop\front\vyntrau\target\classes started by SURAJ in C:\Users\SURAJ\Desktop\front\vyntrau)
2020-07-22 14:46:43,409 DEBUG org.springframework.boot.StartupInfoLogger [restartedMain] Running with Spring Boot v2.3.1.RELEASE, Spring v5.2.7.RELEASE
2020-07-22 14:46:43,409 INFO org.springframework.boot.SpringApplication [restartedMain] No active profile set, falling back to default profiles: default
2020-07-22 14:46:44,991 INFO org.springframework.boot.StartupInfoLogger [restartedMain] Started VyntrauApplication in 1.624 seconds (JVM running for 171.962)
